training accuracy: 0.876499733836
Counter({4: 47311, 1: 1021, 2: 506, 3: 4})
dataset,method,budget,mode,loss,loss_u,probas,probas_u,model l1
finding solution of system of 265 equations with 530 unknowns with BFGS
Warning: Maximum number of iterations has been exceeded.
         Current function value: 311.600821
         Iterations: 100
         Function evaluations: 103
         Gradient evaluations: 103
obtained train accuracy of 1.0
adult,passive,265,extr,2.87e-04,5.39e-03,2.87e-03,2.53e-03,2.49e+00
adult,passive,265,base,2.84e-02,3.86e-01,9.71e-01,7.87e-01,4.60e+03
finding solution of system of 530 equations with 530 unknowns with BFGS
Warning: Maximum number of iterations has been exceeded.
         Current function value: 627.988666
         Iterations: 100
         Function evaluations: 103
         Gradient evaluations: 103
obtained train accuracy of 1.0
adult,passive,530,extr,2.05e-05,2.60e-04,6.14e-05,6.09e-05,8.69e-02
adult,passive,530,base,5.96e-02,3.02e-01,9.66e-01,8.24e-01,2.17e+04
finding solution of system of 1060 equations with 530 unknowns with BFGS
Warning: Maximum number of iterations has been exceeded.
         Current function value: 1250.462148
         Iterations: 100
         Function evaluations: 106
         Gradient evaluations: 106
obtained train accuracy of 0.999056603774
adult,passive,1060,extr,4.09e-05,5.30e-04,2.62e-04,1.74e-04,2.19e-01
adult,passive,1060,base,2.30e-02,2.29e-01,9.35e-01,7.71e-01,4.10e+04
finding solution of system of 2650 equations with 530 unknowns with BFGS
Warning: Maximum number of iterations has been exceeded.
         Current function value: 3106.069644
         Iterations: 100
         Function evaluations: 104
         Gradient evaluations: 104
obtained train accuracy of 0.985283018868
finding solution of system of 2650 equations with 530 unknowns with BFGS
Warning: Maximum number of iterations has been exceeded.
         Current function value: 3106.069644
         Iterations: 100
         Function evaluations: 104
         Gradient evaluations: 104
obtained train accuracy of 0.985283018868
finding solution of system of 2650 equations with 530 unknowns with BFGS
Warning: Maximum number of iterations has been exceeded.
         Current function value: 3106.069644
         Iterations: 100
         Function evaluations: 104
         Gradient evaluations: 104
obtained train accuracy of 0.985283018868
finding solution of system of 2650 equations with 530 unknowns with BFGS
Warning: Maximum number of iterations has been exceeded.
         Current function value: 3106.069644
         Iterations: 100
         Function evaluations: 104
         Gradient evaluations: 104
obtained train accuracy of 0.985283018868
finding solution of system of 2650 equations with 530 unknowns with BFGS
Warning: Maximum number of iterations has been exceeded.
         Current function value: 3106.069644
         Iterations: 100
         Function evaluations: 104
         Gradient evaluations: 104
obtained train accuracy of 0.985283018868
finding solution of system of 2650 equations with 530 unknowns with BFGS
Warning: Maximum number of iterations has been exceeded.
         Current function value: 3106.069644
         Iterations: 100
         Function evaluations: 104
         Gradient evaluations: 104
obtained train accuracy of 0.985283018868
finding solution of system of 2650 equations with 530 unknowns with BFGS
Warning: Maximum number of iterations has been exceeded.
         Current function value: 3106.069644
         Iterations: 100
         Function evaluations: 104
         Gradient evaluations: 104
obtained train accuracy of 0.985283018868
finding solution of system of 2650 equations with 530 unknowns with BFGS
Warning: Maximum number of iterations has been exceeded.
         Current function value: 3106.069644
         Iterations: 100
         Function evaluations: 104
         Gradient evaluations: 104
obtained train accuracy of 0.985283018868
adult,passive,2650,extr,3.89e-04,9.83e-03,1.45e-03,2.07e-03,3.30e+00
adult,passive,2650,base,1.18e-02,1.19e-01,9.51e-01,7.44e-01,4.46e+02
finding solution of system of 5300 equations with 530 unknowns with BFGS
Warning: Maximum number of iterations has been exceeded.
         Current function value: 6242.283706
         Iterations: 100
         Function evaluations: 121
         Gradient evaluations: 121
obtained train accuracy of 0.968867924528
finding solution of system of 5300 equations with 530 unknowns with BFGS
Warning: Maximum number of iterations has been exceeded.
         Current function value: 6242.283706
         Iterations: 100
         Function evaluations: 121
         Gradient evaluations: 121
obtained train accuracy of 0.968867924528
finding solution of system of 5300 equations with 530 unknowns with BFGS
Warning: Maximum number of iterations has been exceeded.
         Current function value: 6242.283708
         Iterations: 100
         Function evaluations: 121
         Gradient evaluations: 121
obtained train accuracy of 0.968867924528
finding solution of system of 5300 equations with 530 unknowns with BFGS
Warning: Maximum number of iterations has been exceeded.
         Current function value: 6242.283707
         Iterations: 100
         Function evaluations: 121
         Gradient evaluations: 121
obtained train accuracy of 0.968867924528
finding solution of system of 5300 equations with 530 unknowns with BFGS
Warning: Maximum number of iterations has been exceeded.
         Current function value: 6242.283708
         Iterations: 100
         Function evaluations: 121
         Gradient evaluations: 121
obtained train accuracy of 0.968867924528
finding solution of system of 5300 equations with 530 unknowns with BFGS
Warning: Maximum number of iterations has been exceeded.
         Current function value: 6242.283705
         Iterations: 100
         Function evaluations: 121
         Gradient evaluations: 121
obtained train accuracy of 0.968867924528
finding solution of system of 5300 equations with 530 unknowns with BFGS
Warning: Maximum number of iterations has been exceeded.
         Current function value: 6242.283704
         Iterations: 100
         Function evaluations: 121
         Gradient evaluations: 121
obtained train accuracy of 0.968867924528
finding solution of system of 5300 equations with 530 unknowns with BFGS
Warning: Maximum number of iterations has been exceeded.
         Current function value: 6242.283705
         Iterations: 100
         Function evaluations: 121
         Gradient evaluations: 121
obtained train accuracy of 0.968867924528
adult,passive,5300,extr,1.04e-03,2.91e-02,7.37e-03,7.58e-03,1.08e+01
adult,passive,5300,base,5.41e-03,9.63e-02,9.64e-01,7.32e-01,4.21e+02
finding solution of system of 10600 equations with 530 unknowns with BFGS
Warning: Maximum number of iterations has been exceeded.
         Current function value: 12510.953070
         Iterations: 100
         Function evaluations: 121
         Gradient evaluations: 121
obtained train accuracy of 0.850660377358
finding solution of system of 10600 equations with 530 unknowns with BFGS
Warning: Maximum number of iterations has been exceeded.
         Current function value: 12510.953063
         Iterations: 100
         Function evaluations: 121
         Gradient evaluations: 121
obtained train accuracy of 0.850660377358
finding solution of system of 10600 equations with 530 unknowns with BFGS
Warning: Maximum number of iterations has been exceeded.
         Current function value: 12510.953069
         Iterations: 100
         Function evaluations: 121
         Gradient evaluations: 121
obtained train accuracy of 0.850660377358
finding solution of system of 10600 equations with 530 unknowns with BFGS
Warning: Maximum number of iterations has been exceeded.
         Current function value: 12510.953076
         Iterations: 100
         Function evaluations: 121
         Gradient evaluations: 121
obtained train accuracy of 0.850660377358
finding solution of system of 10600 equations with 530 unknowns with BFGS
Warning: Maximum number of iterations has been exceeded.
         Current function value: 12510.953065
         Iterations: 100
         Function evaluations: 121
         Gradient evaluations: 121
obtained train accuracy of 0.850660377358
finding solution of system of 10600 equations with 530 unknowns with BFGS
Warning: Maximum number of iterations has been exceeded.
         Current function value: 12510.953058
         Iterations: 100
         Function evaluations: 121
         Gradient evaluations: 121
obtained train accuracy of 0.850660377358
finding solution of system of 10600 equations with 530 unknowns with BFGS
Warning: Maximum number of iterations has been exceeded.
         Current function value: 12510.953065
         Iterations: 100
         Function evaluations: 121
         Gradient evaluations: 121
obtained train accuracy of 0.850660377358
finding solution of system of 10600 equations with 530 unknowns with BFGS
Warning: Maximum number of iterations has been exceeded.
         Current function value: 12510.953071
         Iterations: 100
         Function evaluations: 121
         Gradient evaluations: 121
obtained train accuracy of 0.850660377358
adult,passive,10600,extr,6.96e-04,1.53e-01,1.47e-02,2.14e-02,3.39e+01
adult,passive,10600,base,5.61e-03,8.39e-02,9.67e-01,7.25e-01,4.08e+02
finding solution of system of 26500 equations with 530 unknowns with BFGS
Warning: Maximum number of iterations has been exceeded.
         Current function value: 31333.888509
         Iterations: 100
         Function evaluations: 129
         Gradient evaluations: 129
obtained train accuracy of 0.834150943396
finding solution of system of 26500 equations with 530 unknowns with BFGS
Warning: Maximum number of iterations has been exceeded.
         Current function value: 31333.888609
         Iterations: 100
         Function evaluations: 129
         Gradient evaluations: 129
obtained train accuracy of 0.834150943396
finding solution of system of 26500 equations with 530 unknowns with BFGS
Warning: Maximum number of iterations has been exceeded.
         Current function value: 31333.888562
         Iterations: 100
         Function evaluations: 129
         Gradient evaluations: 129
obtained train accuracy of 0.834150943396
finding solution of system of 26500 equations with 530 unknowns with BFGS
Warning: Maximum number of iterations has been exceeded.
         Current function value: 31333.888577
         Iterations: 100
         Function evaluations: 129
         Gradient evaluations: 129
obtained train accuracy of 0.834150943396
finding solution of system of 26500 equations with 530 unknowns with BFGS
Warning: Maximum number of iterations has been exceeded.
         Current function value: 31333.888642
         Iterations: 100
         Function evaluations: 129
         Gradient evaluations: 129
obtained train accuracy of 0.834150943396
finding solution of system of 26500 equations with 530 unknowns with BFGS
Warning: Maximum number of iterations has been exceeded.
         Current function value: 31333.888646
         Iterations: 100
         Function evaluations: 129
         Gradient evaluations: 129
obtained train accuracy of 0.834150943396
finding solution of system of 26500 equations with 530 unknowns with BFGS
Warning: Maximum number of iterations has been exceeded.
         Current function value: 31333.888564
         Iterations: 100
         Function evaluations: 129
         Gradient evaluations: 129
obtained train accuracy of 0.834150943396
finding solution of system of 26500 equations with 530 unknowns with BFGS
Warning: Maximum number of iterations has been exceeded.
         Current function value: 31333.888567
         Iterations: 100
         Function evaluations: 129
         Gradient evaluations: 129
obtained train accuracy of 0.834150943396
adult,passive,26500,extr,1.84e-03,1.69e-01,2.02e-02,2.62e-02,4.17e+01
adult,passive,26500,base,4.34e-03,7.57e-02,9.63e-01,7.26e-01,3.97e+02
finding solution of system of 53000 equations with 530 unknowns with BFGS
Warning: Maximum number of iterations has been exceeded.
         Current function value: 62747.923272
         Iterations: 100
         Function evaluations: 143
         Gradient evaluations: 143
obtained train accuracy of 0.826905660377
finding solution of system of 53000 equations with 530 unknowns with BFGS
Warning: Maximum number of iterations has been exceeded.
         Current function value: 62747.923261
         Iterations: 100
         Function evaluations: 143
         Gradient evaluations: 143
obtained train accuracy of 0.826905660377
finding solution of system of 53000 equations with 530 unknowns with BFGS
Warning: Maximum number of iterations has been exceeded.
         Current function value: 62747.923302
         Iterations: 100
         Function evaluations: 143
         Gradient evaluations: 143
obtained train accuracy of 0.826905660377
finding solution of system of 53000 equations with 530 unknowns with BFGS
Warning: Maximum number of iterations has been exceeded.
         Current function value: 62747.923306
         Iterations: 100
         Function evaluations: 143
         Gradient evaluations: 143
obtained train accuracy of 0.826905660377
finding solution of system of 53000 equations with 530 unknowns with BFGS
Warning: Maximum number of iterations has been exceeded.
         Current function value: 62747.923303
         Iterations: 100
         Function evaluations: 143
         Gradient evaluations: 143
obtained train accuracy of 0.826905660377
finding solution of system of 53000 equations with 530 unknowns with BFGS
Warning: Maximum number of iterations has been exceeded.
         Current function value: 62747.923277
         Iterations: 100
         Function evaluations: 143
         Gradient evaluations: 143
obtained train accuracy of 0.826905660377
finding solution of system of 53000 equations with 530 unknowns with BFGS
Warning: Maximum number of iterations has been exceeded.
         Current function value: 62747.923290
         Iterations: 100
         Function evaluations: 143
         Gradient evaluations: 143
obtained train accuracy of 0.826905660377
finding solution of system of 53000 equations with 530 unknowns with BFGS
Warning: Maximum number of iterations has been exceeded.
         Current function value: 62747.923284
         Iterations: 100
         Function evaluations: 143
         Gradient evaluations: 143
obtained train accuracy of 0.826905660377
adult,passive,53000,extr,9.42e-04,1.71e-01,1.06e-02,2.91e-02,4.26e+01
adult,passive,53000,base,3.77e-03,7.07e-02,9.61e-01,7.25e-01,3.95e+02
