training accuracy: 0.9988
Counter({2: 1670, 1: 1667, 0: 1663})
dataset,method,budget,mode,loss,loss_u,probas,probas_u,model l1
blobs,passive,4,extr,1.00e+00,1.00e+00,1.00e+00,1.00e+00,1.00e+00
blobs,passive,4,base,1.00e+00,1.00e+00,1.00e+00,1.00e+00,1.00e+00
finding solution of system of 9 equations with 9 unknowns with BFGS
Optimization terminated successfully.
         Current function value: 4.669274
         Iterations: 74
         Function evaluations: 75
         Gradient evaluations: 75
obtained train accuracy of 1.0
blobs,passive,9,extr,0.00e+00,1.00e-05,1.06e-06,2.45e-06,9.39e-04
blobs,passive,9,base,1.62e-01,2.14e-01,8.30e-01,8.32e-01,2.76e+02
finding solution of system of 18 equations with 9 unknowns with BFGS
Optimization terminated successfully.
         Current function value: 6.877852
         Iterations: 56
         Function evaluations: 57
         Gradient evaluations: 57
obtained train accuracy of 1.0
blobs,passive,18,extr,0.00e+00,0.00e+00,3.27e-08,5.68e-08,2.39e-05
blobs,passive,18,base,2.12e-02,1.60e-01,9.67e-01,8.25e-01,2.72e+03
finding solution of system of 45 equations with 9 unknowns with BFGS
Optimization terminated successfully.
         Current function value: 15.983323
         Iterations: 52
         Function evaluations: 55
         Gradient evaluations: 55
obtained train accuracy of 1.0
blobs,passive,45,extr,0.00e+00,0.00e+00,4.94e-08,1.38e-07,2.21e-05
blobs,passive,45,base,7.60e-03,6.46e-02,9.84e-01,8.57e-01,1.47e+02
finding solution of system of 90 equations with 9 unknowns with BFGS
Optimization terminated successfully.
         Current function value: 35.068430
         Iterations: 54
         Function evaluations: 56
         Gradient evaluations: 56
obtained train accuracy of 1.0
blobs,passive,90,extr,0.00e+00,0.00e+00,5.98e-09,1.06e-08,7.42e-06
blobs,passive,90,base,8.00e-04,3.92e-02,9.74e-01,8.60e-01,8.84e+01
finding solution of system of 180 equations with 9 unknowns with BFGS
Optimization terminated successfully.
         Current function value: 65.606045
         Iterations: 53
         Function evaluations: 58
         Gradient evaluations: 58
obtained train accuracy of 1.0
blobs,passive,180,extr,0.00e+00,0.00e+00,2.42e-09,4.99e-09,1.81e-06
blobs,passive,180,base,6.00e-04,3.08e-02,9.66e-01,8.40e-01,8.02e+01
finding solution of system of 450 equations with 9 unknowns with BFGS
Optimization terminated successfully.
         Current function value: 173.444157
         Iterations: 55
         Function evaluations: 63
         Gradient evaluations: 63
obtained train accuracy of 1.0
blobs,passive,450,extr,0.00e+00,0.00e+00,1.77e-09,3.64e-09,1.43e-06
blobs,passive,450,base,1.00e-03,1.70e-02,9.76e-01,8.46e-01,9.17e+01
finding solution of system of 900 equations with 9 unknowns with BFGS
Optimization terminated successfully.
         Current function value: 334.247310
         Iterations: 59
         Function evaluations: 67
         Gradient evaluations: 67
obtained train accuracy of 1.0
blobs,passive,900,extr,0.00e+00,0.00e+00,1.70e-10,3.90e-10,9.43e-08
blobs,passive,900,base,1.40e-03,3.12e-02,9.72e-01,8.43e-01,8.69e+01
