training accuracy: 0.622
Counter({1: 244, 4: 208, 0: 207, 3: 176, 2: 165})
dataset,method,budget,mode,loss,loss_u,probas,probas_u,model l1
finding solution of system of 52 equations with 105 unknowns with BFGS
Optimization terminated successfully.
         Current function value: 57.073212
         Iterations: 82
         Function evaluations: 84
         Gradient evaluations: 84
obtained train accuracy of 1.0
class5,passive,52,extr,0.00e+00,0.00e+00,1.42e-06,1.85e-06,6.48e-04
class5,passive,52,base,3.79e-01,4.29e-01,7.39e-01,7.09e-01,1.66e+03
finding solution of system of 105 equations with 105 unknowns with BFGS
Optimization terminated successfully.
         Current function value: 113.278479
         Iterations: 58
         Function evaluations: 62
         Gradient evaluations: 62
obtained train accuracy of 1.0
class5,passive,105,extr,0.00e+00,0.00e+00,1.66e-07,2.08e-07,6.44e-05
class5,passive,105,base,4.20e-01,3.78e-01,7.56e-01,7.54e-01,2.12e+04
finding solution of system of 210 equations with 105 unknowns with BFGS
Optimization terminated successfully.
         Current function value: 226.853074
         Iterations: 63
         Function evaluations: 79
         Gradient evaluations: 79
obtained train accuracy of 1.0
class5,passive,210,extr,0.00e+00,0.00e+00,2.87e-08,4.09e-08,1.45e-05
class5,passive,210,base,3.08e-01,2.40e-01,6.91e-01,7.01e-01,1.93e+03
finding solution of system of 525 equations with 105 unknowns with BFGS
Optimization terminated successfully.
         Current function value: 559.757877
         Iterations: 93
         Function evaluations: 113
         Gradient evaluations: 113
obtained train accuracy of 1.0
class5,passive,525,extr,0.00e+00,0.00e+00,6.77e-09,7.28e-09,1.65e-06
class5,passive,525,base,1.24e-01,1.15e-01,6.59e-01,6.93e-01,2.23e+02
finding solution of system of 1050 equations with 105 unknowns with BFGS
Warning: Maximum number of iterations has been exceeded.
         Current function value: 1121.537346
         Iterations: 100
         Function evaluations: 123
         Gradient evaluations: 123
obtained train accuracy of 1.0
class5,passive,1050,extr,0.00e+00,0.00e+00,2.77e-07,3.48e-07,1.09e-04
class5,passive,1050,base,1.12e-01,8.12e-02,6.29e-01,6.80e-01,1.71e+02
finding solution of system of 2100 equations with 105 unknowns with BFGS
Warning: Maximum number of iterations has been exceeded.
         Current function value: 2228.598906
         Iterations: 100
         Function evaluations: 125
         Gradient evaluations: 125
obtained train accuracy of 1.0
class5,passive,2100,extr,0.00e+00,2.80e-04,1.13e-04,1.09e-04,4.07e-02
class5,passive,2100,base,6.40e-02,6.76e-02,6.07e-01,6.72e-01,1.56e+02
finding solution of system of 5250 equations with 105 unknowns with BFGS
Warning: Maximum number of iterations has been exceeded.
         Current function value: 5586.790517
         Iterations: 100
         Function evaluations: 127
         Gradient evaluations: 127
obtained train accuracy of 0.990476190476
class5,passive,5250,extr,1.20e-02,1.02e-02,5.63e-03,4.63e-03,1.31e+00
class5,passive,5250,base,6.90e-02,6.45e-02,6.07e-01,6.73e-01,1.51e+02
finding solution of system of 10500 equations with 105 unknowns with BFGS
Warning: Maximum number of iterations has been exceeded.
         Current function value: 11149.642835
         Iterations: 100
         Function evaluations: 141
         Gradient evaluations: 141
obtained train accuracy of 0.981333333333
finding solution of system of 10500 equations with 105 unknowns with BFGS
Warning: Maximum number of iterations has been exceeded.
         Current function value: 11149.643104
         Iterations: 100
         Function evaluations: 141
         Gradient evaluations: 141
obtained train accuracy of 0.981333333333
finding solution of system of 10500 equations with 105 unknowns with BFGS
Warning: Maximum number of iterations has been exceeded.
         Current function value: 11149.642790
         Iterations: 100
         Function evaluations: 141
         Gradient evaluations: 141
obtained train accuracy of 0.981333333333
finding solution of system of 10500 equations with 105 unknowns with BFGS
Warning: Maximum number of iterations has been exceeded.
         Current function value: 11149.642588
         Iterations: 100
         Function evaluations: 141
         Gradient evaluations: 141
obtained train accuracy of 0.981333333333
finding solution of system of 10500 equations with 105 unknowns with BFGS
Warning: Maximum number of iterations has been exceeded.
         Current function value: 11149.643160
         Iterations: 100
         Function evaluations: 141
         Gradient evaluations: 141
obtained train accuracy of 0.981333333333
finding solution of system of 10500 equations with 105 unknowns with BFGS
Warning: Maximum number of iterations has been exceeded.
         Current function value: 11149.643738
         Iterations: 100
         Function evaluations: 141
         Gradient evaluations: 141
obtained train accuracy of 0.981333333333
finding solution of system of 10500 equations with 105 unknowns with BFGS
Warning: Maximum number of iterations has been exceeded.
         Current function value: 11149.643258
         Iterations: 100
         Function evaluations: 141
         Gradient evaluations: 141
obtained train accuracy of 0.981333333333
finding solution of system of 10500 equations with 105 unknowns with BFGS
Warning: Maximum number of iterations has been exceeded.
         Current function value: 11149.643200
         Iterations: 100
         Function evaluations: 141
         Gradient evaluations: 141
obtained train accuracy of 0.981333333333
class5,passive,10500,extr,1.30e-02,1.74e-02,9.55e-03,9.58e-03,2.77e+00
class5,passive,10500,base,5.30e-02,5.81e-02,6.01e-01,6.68e-01,1.47e+02
