training accuracy: 0.622
Counter({1: 244, 4: 208, 0: 207, 3: 176, 2: 165})
dataset,method,budget,mode,loss,loss_u,probas,probas_u,model l1
finding solution of system of 52 equations with 105 unknowns with BFGS
Warning: Maximum number of iterations has been exceeded.
         Current function value: 55.383141
         Iterations: 100
         Function evaluations: 104
         Gradient evaluations: 104
obtained train accuracy of 1.0
class5,passive,52,extr,0.00e+00,0.00e+00,2.08e-06,2.69e-06,8.96e-04
class5,passive,52,base,3.79e-01,4.09e-01,7.89e-01,7.72e-01,1.73e+03
finding solution of system of 105 equations with 105 unknowns with BFGS
Optimization terminated successfully.
         Current function value: 111.429965
         Iterations: 61
         Function evaluations: 67
         Gradient evaluations: 67
obtained train accuracy of 1.0
class5,passive,105,extr,0.00e+00,0.00e+00,1.30e-07,1.77e-07,6.02e-05
class5,passive,105,base,4.53e-01,3.71e-01,7.37e-01,7.37e-01,9.94e+03
finding solution of system of 210 equations with 105 unknowns with BFGS
Optimization terminated successfully.
         Current function value: 224.336263
         Iterations: 64
         Function evaluations: 76
         Gradient evaluations: 76
obtained train accuracy of 1.0
class5,passive,210,extr,0.00e+00,0.00e+00,1.95e-08,2.84e-08,8.39e-06
class5,passive,210,base,3.47e-01,2.53e-01,7.39e-01,7.41e-01,7.82e+04
finding solution of system of 525 equations with 105 unknowns with BFGS
Optimization terminated successfully.
         Current function value: 557.213518
         Iterations: 87
         Function evaluations: 107
         Gradient evaluations: 107
obtained train accuracy of 1.0
class5,passive,525,extr,0.00e+00,0.00e+00,1.13e-08,1.44e-08,3.50e-06
class5,passive,525,base,1.42e-01,1.23e-01,6.27e-01,6.74e-01,1.71e+02
finding solution of system of 1050 equations with 105 unknowns with BFGS
Warning: Maximum number of iterations has been exceeded.
         Current function value: 1119.155602
         Iterations: 100
         Function evaluations: 120
         Gradient evaluations: 120
obtained train accuracy of 1.0
class5,passive,1050,extr,0.00e+00,0.00e+00,1.20e-06,1.44e-06,4.29e-04
class5,passive,1050,base,8.10e-02,8.01e-02,6.15e-01,6.79e-01,1.60e+02
finding solution of system of 2100 equations with 105 unknowns with BFGS
Warning: Maximum number of iterations has been exceeded.
         Current function value: 2241.881417
         Iterations: 100
         Function evaluations: 128
         Gradient evaluations: 128
obtained train accuracy of 1.0
class5,passive,2100,extr,0.00e+00,1.30e-04,6.10e-05,5.89e-05,1.63e-02
class5,passive,2100,base,6.20e-02,7.16e-02,6.09e-01,6.74e-01,1.56e+02
finding solution of system of 5250 equations with 105 unknowns with BFGS
Warning: Maximum number of iterations has been exceeded.
         Current function value: 5563.630672
         Iterations: 100
         Function evaluations: 123
         Gradient evaluations: 123
obtained train accuracy of 0.989714285714
finding solution of system of 5250 equations with 105 unknowns with BFGS
Warning: Maximum number of iterations has been exceeded.
         Current function value: 5563.630697
         Iterations: 100
         Function evaluations: 123
         Gradient evaluations: 123
obtained train accuracy of 0.989714285714
finding solution of system of 5250 equations with 105 unknowns with BFGS
Warning: Maximum number of iterations has been exceeded.
         Current function value: 5563.630676
         Iterations: 100
         Function evaluations: 123
         Gradient evaluations: 123
obtained train accuracy of 0.989714285714
finding solution of system of 5250 equations with 105 unknowns with BFGS
Warning: Maximum number of iterations has been exceeded.
         Current function value: 5563.630654
         Iterations: 100
         Function evaluations: 123
         Gradient evaluations: 123
obtained train accuracy of 0.989714285714
finding solution of system of 5250 equations with 105 unknowns with BFGS
Warning: Maximum number of iterations has been exceeded.
         Current function value: 5563.630689
         Iterations: 100
         Function evaluations: 123
         Gradient evaluations: 123
obtained train accuracy of 0.989714285714
finding solution of system of 5250 equations with 105 unknowns with BFGS
Warning: Maximum number of iterations has been exceeded.
         Current function value: 5563.630655
         Iterations: 100
         Function evaluations: 123
         Gradient evaluations: 123
obtained train accuracy of 0.989714285714
finding solution of system of 5250 equations with 105 unknowns with BFGS
Warning: Maximum number of iterations has been exceeded.
         Current function value: 5563.630629
         Iterations: 100
         Function evaluations: 123
         Gradient evaluations: 123
obtained train accuracy of 0.989714285714
finding solution of system of 5250 equations with 105 unknowns with BFGS
Warning: Maximum number of iterations has been exceeded.
         Current function value: 5563.630720
         Iterations: 100
         Function evaluations: 123
         Gradient evaluations: 123
obtained train accuracy of 0.989714285714
class5,passive,5250,extr,1.40e-02,1.14e-02,6.32e-03,6.93e-03,2.04e+00
class5,passive,5250,base,5.80e-02,6.31e-02,6.02e-01,6.67e-01,1.49e+02
finding solution of system of 10500 equations with 105 unknowns with BFGS
Warning: Maximum number of iterations has been exceeded.
         Current function value: 11149.234374
         Iterations: 100
         Function evaluations: 139
         Gradient evaluations: 139
obtained train accuracy of 0.966
finding solution of system of 10500 equations with 105 unknowns with BFGS
Warning: Maximum number of iterations has been exceeded.
         Current function value: 11149.233754
         Iterations: 100
         Function evaluations: 139
         Gradient evaluations: 139
obtained train accuracy of 0.966
finding solution of system of 10500 equations with 105 unknowns with BFGS
Warning: Maximum number of iterations has been exceeded.
         Current function value: 11149.233895
         Iterations: 100
         Function evaluations: 139
         Gradient evaluations: 139
obtained train accuracy of 0.966
finding solution of system of 10500 equations with 105 unknowns with BFGS
Warning: Maximum number of iterations has been exceeded.
         Current function value: 11149.233784
         Iterations: 100
         Function evaluations: 139
         Gradient evaluations: 139
obtained train accuracy of 0.966
finding solution of system of 10500 equations with 105 unknowns with BFGS
Warning: Maximum number of iterations has been exceeded.
         Current function value: 11149.234095
         Iterations: 100
         Function evaluations: 139
         Gradient evaluations: 139
obtained train accuracy of 0.966
finding solution of system of 10500 equations with 105 unknowns with BFGS
Warning: Maximum number of iterations has been exceeded.
         Current function value: 11149.233418
         Iterations: 100
         Function evaluations: 139
         Gradient evaluations: 139
obtained train accuracy of 0.966
finding solution of system of 10500 equations with 105 unknowns with BFGS
Warning: Maximum number of iterations has been exceeded.
         Current function value: 11149.233963
         Iterations: 100
         Function evaluations: 139
         Gradient evaluations: 139
obtained train accuracy of 0.966
finding solution of system of 10500 equations with 105 unknowns with BFGS
Warning: Maximum number of iterations has been exceeded.
         Current function value: 11149.233733
         Iterations: 100
         Function evaluations: 139
         Gradient evaluations: 139
obtained train accuracy of 0.966
class5,passive,10500,extr,1.90e-02,3.42e-02,1.43e-02,1.80e-02,4.92e+00
class5,passive,10500,base,6.40e-02,5.44e-02,6.02e-01,6.70e-01,1.49e+02
