training accuracy: 0.645253301916
Counter({2: 9714, 1: 6033, 0: 380})
dataset,method,budget,mode,loss,loss_u,probas,probas_u,model l1
finding solution of system of 153 equations with 306 unknowns with BFGS
Warning: Maximum number of iterations has been exceeded.
         Current function value: 152.134966
         Iterations: 100
         Function evaluations: 105
         Gradient evaluations: 105
obtained train accuracy of 0.993464052288
gss,passive,153,extr,6.21e-02,4.20e-02,3.33e-02,2.27e-02,1.25e+01
gss,passive,153,base,5.33e-01,3.38e-01,6.48e-01,6.55e-01,1.73e+03
finding solution of system of 306 equations with 306 unknowns with BFGS
Warning: Maximum number of iterations has been exceeded.
         Current function value: 304.360586
         Iterations: 100
         Function evaluations: 107
         Gradient evaluations: 107
obtained train accuracy of 1.0
gss,passive,306,extr,0.00e+00,1.00e-05,7.62e-06,3.92e-06,2.43e-03
gss,passive,306,base,5.62e-01,2.61e-01,6.17e-01,6.78e-01,5.48e+03
finding solution of system of 612 equations with 306 unknowns with BFGS
Warning: Maximum number of iterations has been exceeded.
         Current function value: 608.950587
         Iterations: 100
         Function evaluations: 116
         Gradient evaluations: 116
obtained train accuracy of 1.0
gss,passive,612,extr,0.00e+00,0.00e+00,7.09e-08,5.46e-08,1.95e-05
gss,passive,612,base,8.91e-02,1.83e-01,6.15e-01,6.79e-01,8.42e+03
finding solution of system of 1530 equations with 306 unknowns with BFGS
Warning: Maximum number of iterations has been exceeded.
         Current function value: 1526.450829
         Iterations: 100
         Function evaluations: 127
         Gradient evaluations: 127
obtained train accuracy of 1.0
gss,passive,1530,extr,0.00e+00,0.00e+00,1.90e-05,1.44e-05,4.90e-03
gss,passive,1530,base,2.34e-02,8.50e-02,7.05e-01,6.27e-01,3.03e+02
finding solution of system of 3060 equations with 306 unknowns with BFGS
Warning: Maximum number of iterations has been exceeded.
         Current function value: 3053.397036
         Iterations: 100
         Function evaluations: 124
         Gradient evaluations: 124
obtained train accuracy of 0.999019607843
gss,passive,3060,extr,1.67e-03,1.25e-03,9.17e-04,6.41e-04,3.55e-01
gss,passive,3060,base,2.89e-02,6.43e-02,7.21e-01,6.20e-01,2.73e+02
finding solution of system of 6120 equations with 306 unknowns with BFGS
Warning: Maximum number of iterations has been exceeded.
         Current function value: 6086.927152
         Iterations: 100
         Function evaluations: 134
         Gradient evaluations: 134
obtained train accuracy of 0.997712418301
gss,passive,6120,extr,7.50e-03,3.07e-03,3.30e-03,1.28e-03,4.94e-01
gss,passive,6120,base,3.88e-02,4.33e-02,7.67e-01,6.21e-01,2.72e+02
finding solution of system of 15300 equations with 306 unknowns with BFGS
Warning: Maximum number of iterations has been exceeded.
         Current function value: 15254.292289
         Iterations: 100
         Function evaluations: 149
         Gradient evaluations: 149
obtained train accuracy of 0.98954248366
finding solution of system of 15300 equations with 306 unknowns with BFGS
Warning: Maximum number of iterations has been exceeded.
         Current function value: 15254.292293
         Iterations: 100
         Function evaluations: 149
         Gradient evaluations: 149
obtained train accuracy of 0.98954248366
finding solution of system of 15300 equations with 306 unknowns with BFGS
Warning: Maximum number of iterations has been exceeded.
         Current function value: 15254.292289
         Iterations: 100
         Function evaluations: 149
         Gradient evaluations: 149
obtained train accuracy of 0.98954248366
finding solution of system of 15300 equations with 306 unknowns with BFGS
Warning: Maximum number of iterations has been exceeded.
         Current function value: 15254.292297
         Iterations: 100
         Function evaluations: 149
         Gradient evaluations: 149
obtained train accuracy of 0.98954248366
finding solution of system of 15300 equations with 306 unknowns with BFGS
Warning: Maximum number of iterations has been exceeded.
         Current function value: 15254.292294
         Iterations: 100
         Function evaluations: 149
         Gradient evaluations: 149
obtained train accuracy of 0.98954248366
finding solution of system of 15300 equations with 306 unknowns with BFGS
Warning: Maximum number of iterations has been exceeded.
         Current function value: 15254.292288
         Iterations: 100
         Function evaluations: 149
         Gradient evaluations: 149
obtained train accuracy of 0.98954248366
finding solution of system of 15300 equations with 306 unknowns with BFGS
Warning: Maximum number of iterations has been exceeded.
         Current function value: 15254.292287
         Iterations: 100
         Function evaluations: 149
         Gradient evaluations: 149
obtained train accuracy of 0.98954248366
finding solution of system of 15300 equations with 306 unknowns with BFGS
Warning: Maximum number of iterations has been exceeded.
         Current function value: 15254.292289
         Iterations: 100
         Function evaluations: 149
         Gradient evaluations: 149
obtained train accuracy of 0.98954248366
gss,passive,15300,extr,1.05e-02,8.72e-03,6.05e-03,3.52e-03,1.23e+00
gss,passive,15300,base,2.24e-02,3.01e-02,6.85e-01,6.12e-01,2.49e+02
finding solution of system of 30600 equations with 306 unknowns with BFGS
Warning: Maximum number of iterations has been exceeded.
         Current function value: 30461.410688
         Iterations: 100
         Function evaluations: 154
         Gradient evaluations: 154
obtained train accuracy of 0.992679738562
gss,passive,30600,extr,3.66e-03,6.97e-03,2.71e-03,2.71e-03,8.62e-01
gss,passive,30600,base,2.14e-02,2.45e-02,7.10e-01,6.11e-01,2.48e+02
