training accuracy: 0.645253301916
Counter({2: 9714, 1: 6033, 0: 380})
dataset,method,budget,mode,loss,loss_u,probas,probas_u,model l1
finding solution of system of 153 equations with 306 unknowns with BFGS
Warning: Maximum number of iterations has been exceeded.
         Current function value: 152.572291
         Iterations: 100
         Function evaluations: 105
         Gradient evaluations: 105
obtained train accuracy of 1.0
gss,passive,153,extr,3.27e-02,5.05e-02,4.83e-02,2.62e-02,1.34e+01
gss,passive,153,base,1.94e-01,3.41e-01,6.07e-01,6.69e-01,1.76e+03
finding solution of system of 306 equations with 306 unknowns with BFGS
Warning: Maximum number of iterations has been exceeded.
         Current function value: 305.442771
         Iterations: 100
         Function evaluations: 106
         Gradient evaluations: 106
obtained train accuracy of 1.0
gss,passive,306,extr,0.00e+00,0.00e+00,2.46e-05,7.59e-06,4.78e-03
gss,passive,306,base,2.79e-01,2.40e-01,6.48e-01,6.80e-01,4.47e+03
finding solution of system of 612 equations with 306 unknowns with BFGS
Warning: Maximum number of iterations has been exceeded.
         Current function value: 612.994654
         Iterations: 100
         Function evaluations: 113
         Gradient evaluations: 113
obtained train accuracy of 1.0
gss,passive,612,extr,0.00e+00,0.00e+00,1.42e-07,8.37e-08,3.56e-05
gss,passive,612,base,3.67e-01,2.24e-01,6.48e-01,6.75e-01,2.08e+04
finding solution of system of 1530 equations with 306 unknowns with BFGS
Warning: Maximum number of iterations has been exceeded.
         Current function value: 1525.565096
         Iterations: 100
         Function evaluations: 120
         Gradient evaluations: 120
obtained train accuracy of 1.0
gss,passive,1530,extr,6.20e-05,3.00e-05,2.19e-05,2.77e-05,9.36e-03
gss,passive,1530,base,2.16e-01,8.22e-02,6.71e-01,6.30e-01,3.30e+02
finding solution of system of 3060 equations with 306 unknowns with BFGS
Warning: Maximum number of iterations has been exceeded.
         Current function value: 3041.279965
         Iterations: 100
         Function evaluations: 129
         Gradient evaluations: 129
obtained train accuracy of 0.999019607843
gss,passive,3060,extr,2.36e-03,6.60e-04,4.49e-04,3.25e-04,1.77e-01
gss,passive,3060,base,1.88e-02,6.10e-02,6.52e-01,6.18e-01,2.73e+02
finding solution of system of 6120 equations with 306 unknowns with BFGS
Warning: Maximum number of iterations has been exceeded.
         Current function value: 6098.215800
         Iterations: 100
         Function evaluations: 130
         Gradient evaluations: 130
obtained train accuracy of 0.997549019608
gss,passive,6120,extr,8.93e-03,2.37e-03,3.40e-03,1.02e-03,3.55e-01
gss,passive,6120,base,3.34e-02,4.11e-02,7.46e-01,6.17e-01,2.65e+02
finding solution of system of 15300 equations with 306 unknowns with BFGS
Warning: Maximum number of iterations has been exceeded.
         Current function value: 15238.911341
         Iterations: 100
         Function evaluations: 144
         Gradient evaluations: 144
obtained train accuracy of 0.990392156863
gss,passive,15300,extr,6.26e-03,8.84e-03,4.14e-03,3.46e-03,1.06e+00
gss,passive,15300,base,2.15e-02,3.25e-02,7.09e-01,6.12e-01,2.47e+02
finding solution of system of 30600 equations with 306 unknowns with BFGS
Warning: Maximum number of iterations has been exceeded.
         Current function value: 30502.744256
         Iterations: 100
         Function evaluations: 151
         Gradient evaluations: 151
obtained train accuracy of 0.977450980392
finding solution of system of 30600 equations with 306 unknowns with BFGS
Warning: Maximum number of iterations has been exceeded.
         Current function value: 30502.740249
         Iterations: 100
         Function evaluations: 151
         Gradient evaluations: 151
obtained train accuracy of 0.977418300654
finding solution of system of 30600 equations with 306 unknowns with BFGS
Warning: Maximum number of iterations has been exceeded.
         Current function value: 30502.742068
         Iterations: 100
         Function evaluations: 151
         Gradient evaluations: 151
obtained train accuracy of 0.977418300654
finding solution of system of 30600 equations with 306 unknowns with BFGS
Warning: Maximum number of iterations has been exceeded.
         Current function value: 30502.746273
         Iterations: 100
         Function evaluations: 151
         Gradient evaluations: 151
obtained train accuracy of 0.977483660131
finding solution of system of 30600 equations with 306 unknowns with BFGS
Warning: Maximum number of iterations has been exceeded.
         Current function value: 30502.741628
         Iterations: 100
         Function evaluations: 151
         Gradient evaluations: 151
obtained train accuracy of 0.977418300654
finding solution of system of 30600 equations with 306 unknowns with BFGS
Warning: Maximum number of iterations has been exceeded.
         Current function value: 30502.744136
         Iterations: 100
         Function evaluations: 151
         Gradient evaluations: 151
obtained train accuracy of 0.977450980392
finding solution of system of 30600 equations with 306 unknowns with BFGS
Warning: Maximum number of iterations has been exceeded.
         Current function value: 30502.743472
         Iterations: 100
         Function evaluations: 151
         Gradient evaluations: 151
obtained train accuracy of 0.977450980392
finding solution of system of 30600 equations with 306 unknowns with BFGS
Warning: Maximum number of iterations has been exceeded.
         Current function value: 30502.741422
         Iterations: 100
         Function evaluations: 151
         Gradient evaluations: 151
obtained train accuracy of 0.977418300654
gss,passive,30600,extr,1.04e-02,2.21e-02,1.30e-02,1.47e-02,1.30e+01
gss,passive,30600,base,1.71e-02,2.41e-02,6.91e-01,6.11e-01,2.46e+02
