training accuracy: 0.873333333333
Counter({2: 63, 0: 50, 1: 37})
dataset,method,budget,mode,loss,loss_u,probas,probas_u,model l1
finding solution of system of 7 equations with 15 unknowns with BFGS
Optimization terminated successfully.
         Current function value: 5.389368
         Iterations: 75
         Function evaluations: 76
         Gradient evaluations: 76
obtained train accuracy of 1.0
iris,passive,7,extr,5.33e-02,6.94e-02,5.27e-02,6.57e-02,7.53e+00
iris,passive,7,base,4.20e-01,5.46e-01,9.04e-01,7.66e-01,2.02e+01
finding solution of system of 15 equations with 15 unknowns with BFGS
Optimization terminated successfully.
         Current function value: 10.865372
         Iterations: 51
         Function evaluations: 52
         Gradient evaluations: 52
obtained train accuracy of 1.0
iris,passive,15,extr,0.00e+00,0.00e+00,1.85e-07,2.90e-07,5.20e-05
iris,passive,15,base,1.67e-01,2.47e-01,7.60e-01,7.34e-01,6.60e+02
finding solution of system of 30 equations with 15 unknowns with BFGS
Optimization terminated successfully.
         Current function value: 21.481187
         Iterations: 42
         Function evaluations: 43
         Gradient evaluations: 43
obtained train accuracy of 1.0
iris,passive,30,extr,0.00e+00,0.00e+00,7.18e-08,6.70e-08,7.73e-06
iris,passive,30,base,5.33e-02,1.27e-01,7.81e-01,7.49e-01,5.94e+02
finding solution of system of 75 equations with 15 unknowns with BFGS
Optimization terminated successfully.
         Current function value: 53.086692
         Iterations: 34
         Function evaluations: 37
         Gradient evaluations: 37
obtained train accuracy of 1.0
iris,passive,75,extr,0.00e+00,0.00e+00,2.49e-09,4.52e-09,3.95e-07
iris,passive,75,base,2.00e-02,7.30e-02,7.39e-01,7.33e-01,7.50e+01
finding solution of system of 150 equations with 15 unknowns with BFGS
Optimization terminated successfully.
         Current function value: 110.019890
         Iterations: 32
         Function evaluations: 39
         Gradient evaluations: 39
obtained train accuracy of 1.0
iris,passive,150,extr,0.00e+00,0.00e+00,3.11e-08,2.94e-08,4.73e-06
iris,passive,150,base,1.33e-02,8.20e-02,7.76e-01,7.47e-01,8.07e+01
finding solution of system of 300 equations with 15 unknowns with BFGS
Optimization terminated successfully.
         Current function value: 219.734768
         Iterations: 31
         Function evaluations: 37
         Gradient evaluations: 37
obtained train accuracy of 1.0
iris,passive,300,extr,0.00e+00,0.00e+00,3.12e-09,4.23e-09,3.47e-07
iris,passive,300,base,1.33e-02,4.11e-02,7.58e-01,7.42e-01,8.47e+01
finding solution of system of 750 equations with 15 unknowns with BFGS
Optimization terminated successfully.
         Current function value: 543.491767
         Iterations: 39
         Function evaluations: 46
         Gradient evaluations: 46
obtained train accuracy of 1.0
iris,passive,750,extr,0.00e+00,0.00e+00,2.26e-09,1.52e-09,1.85e-07
iris,passive,750,base,1.33e-02,2.68e-02,7.47e-01,7.34e-01,7.58e+01
finding solution of system of 1500 equations with 15 unknowns with BFGS
Optimization terminated successfully.
         Current function value: 1085.965022
         Iterations: 41
         Function evaluations: 47
         Gradient evaluations: 47
obtained train accuracy of 1.0
iris,passive,1500,extr,0.00e+00,0.00e+00,5.51e-10,6.94e-10,4.34e-08
iris,passive,1500,base,1.33e-02,2.88e-02,7.45e-01,7.28e-01,7.37e+01
