training accuracy: 0.873333333333
Counter({2: 63, 0: 50, 1: 37})
dataset,method,budget,mode,loss,loss_u,probas,probas_u,model l1
finding solution of system of 7 equations with 15 unknowns with BFGS
Warning: Maximum number of iterations has been exceeded.
         Current function value: 5.194506
         Iterations: 100
         Function evaluations: 102
         Gradient evaluations: 102
obtained train accuracy of 1.0
iris,passive,7,extr,6.67e-03,1.63e-02,1.07e-02,1.31e-02,1.62e+00
iris,passive,7,base,2.33e-01,2.90e-01,7.49e-01,7.42e-01,3.18e+02
finding solution of system of 15 equations with 15 unknowns with BFGS
Optimization terminated successfully.
         Current function value: 10.716745
         Iterations: 55
         Function evaluations: 56
         Gradient evaluations: 56
obtained train accuracy of 1.0
iris,passive,15,extr,0.00e+00,1.00e-05,1.01e-06,1.18e-06,1.86e-04
iris,passive,15,base,1.80e-01,3.15e-01,7.87e-01,7.24e-01,4.85e+02
finding solution of system of 30 equations with 15 unknowns with BFGS
Optimization terminated successfully.
         Current function value: 22.328832
         Iterations: 40
         Function evaluations: 41
         Gradient evaluations: 41
obtained train accuracy of 1.0
iris,passive,30,extr,0.00e+00,0.00e+00,1.31e-07,1.63e-07,1.95e-05
iris,passive,30,base,6.67e-03,1.08e-01,6.72e-01,7.60e-01,6.39e+04
finding solution of system of 75 equations with 15 unknowns with BFGS
Optimization terminated successfully.
         Current function value: 56.041536
         Iterations: 33
         Function evaluations: 37
         Gradient evaluations: 37
obtained train accuracy of 1.0
iris,passive,75,extr,0.00e+00,0.00e+00,2.86e-08,4.16e-08,4.65e-06
iris,passive,75,base,5.33e-02,4.92e-02,7.78e-01,7.25e-01,6.99e+01
finding solution of system of 150 equations with 15 unknowns with BFGS
Optimization terminated successfully.
         Current function value: 110.012005
         Iterations: 31
         Function evaluations: 38
         Gradient evaluations: 38
obtained train accuracy of 1.0
iris,passive,150,extr,0.00e+00,0.00e+00,4.94e-09,7.81e-09,8.82e-07
iris,passive,150,base,2.67e-02,4.71e-02,7.64e-01,7.26e-01,7.32e+01
finding solution of system of 300 equations with 15 unknowns with BFGS
Optimization terminated successfully.
         Current function value: 221.296896
         Iterations: 32
         Function evaluations: 38
         Gradient evaluations: 38
obtained train accuracy of 1.0
iris,passive,300,extr,0.00e+00,0.00e+00,6.26e-09,6.57e-09,6.43e-07
iris,passive,300,base,4.00e-02,4.62e-02,7.36e-01,7.40e-01,9.31e+01
finding solution of system of 750 equations with 15 unknowns with BFGS
Optimization terminated successfully.
         Current function value: 548.668561
         Iterations: 36
         Function evaluations: 43
         Gradient evaluations: 43
obtained train accuracy of 1.0
iris,passive,750,extr,0.00e+00,0.00e+00,1.33e-09,2.52e-09,1.38e-07
iris,passive,750,base,2.00e-02,2.01e-02,7.62e-01,7.35e-01,7.30e+01
finding solution of system of 1500 equations with 15 unknowns with BFGS
Optimization terminated successfully.
         Current function value: 1089.201918
         Iterations: 39
         Function evaluations: 44
         Gradient evaluations: 44
obtained train accuracy of 1.0
iris,passive,1500,extr,0.00e+00,0.00e+00,1.57e-09,1.68e-09,1.65e-07
iris,passive,1500,base,1.33e-02,2.52e-02,7.42e-01,7.26e-01,7.10e+01
