training accuracy: 0.873333333333
Counter({2: 63, 0: 50, 1: 37})
dataset,method,budget,mode,loss,loss_u,probas,probas_u,model l1
finding solution of system of 7 equations with 15 unknowns with BFGS
Warning: Maximum number of iterations has been exceeded.
         Current function value: 5.377703
         Iterations: 100
         Function evaluations: 102
         Gradient evaluations: 102
obtained train accuracy of 1.0
iris,passive,7,extr,3.33e-02,7.22e-02,1.16e-01,6.78e-02,6.11e+00
iris,passive,7,base,2.60e-01,4.92e-01,8.78e-01,7.25e-01,2.02e+01
finding solution of system of 15 equations with 15 unknowns with BFGS
Optimization terminated successfully.
         Current function value: 11.703325
         Iterations: 58
         Function evaluations: 59
         Gradient evaluations: 59
obtained train accuracy of 1.0
iris,passive,15,extr,0.00e+00,0.00e+00,4.74e-07,4.84e-07,6.98e-05
iris,passive,15,base,1.00e-01,3.02e-01,6.31e-01,6.31e-01,3.32e+02
finding solution of system of 30 equations with 15 unknowns with BFGS
Optimization terminated successfully.
         Current function value: 20.069175
         Iterations: 37
         Function evaluations: 38
         Gradient evaluations: 38
obtained train accuracy of 1.0
iris,passive,30,extr,0.00e+00,0.00e+00,2.46e-07,2.22e-07,2.54e-05
iris,passive,30,base,6.00e-02,1.53e-01,7.07e-01,7.35e-01,1.48e+03
finding solution of system of 75 equations with 15 unknowns with BFGS
Optimization terminated successfully.
         Current function value: 53.778915
         Iterations: 36
         Function evaluations: 38
         Gradient evaluations: 38
obtained train accuracy of 1.0
iris,passive,75,extr,0.00e+00,0.00e+00,1.44e-08,1.70e-08,1.53e-06
iris,passive,75,base,3.33e-02,9.86e-02,7.49e-01,7.36e-01,1.39e+02
finding solution of system of 150 equations with 15 unknowns with BFGS
Optimization terminated successfully.
         Current function value: 106.267945
         Iterations: 33
         Function evaluations: 39
         Gradient evaluations: 39
obtained train accuracy of 1.0
iris,passive,150,extr,0.00e+00,0.00e+00,1.11e-08,1.22e-08,1.20e-06
iris,passive,150,base,1.33e-02,4.74e-02,7.61e-01,7.45e-01,7.84e+01
finding solution of system of 300 equations with 15 unknowns with BFGS
Optimization terminated successfully.
         Current function value: 219.053234
         Iterations: 34
         Function evaluations: 39
         Gradient evaluations: 39
obtained train accuracy of 1.0
iris,passive,300,extr,0.00e+00,0.00e+00,3.28e-09,4.37e-09,3.15e-07
iris,passive,300,base,6.67e-03,4.30e-02,7.27e-01,7.24e-01,7.45e+01
finding solution of system of 750 equations with 15 unknowns with BFGS
Optimization terminated successfully.
         Current function value: 537.489688
         Iterations: 38
         Function evaluations: 44
         Gradient evaluations: 44
obtained train accuracy of 1.0
iris,passive,750,extr,0.00e+00,0.00e+00,6.73e-10,1.36e-09,9.78e-08
iris,passive,750,base,0.00e+00,2.09e-02,7.31e-01,7.23e-01,7.12e+01
finding solution of system of 1500 equations with 15 unknowns with BFGS
Optimization terminated successfully.
         Current function value: 1086.682844
         Iterations: 39
         Function evaluations: 44
         Gradient evaluations: 44
obtained train accuracy of 1.0
iris,passive,1500,extr,0.00e+00,0.00e+00,6.89e-10,1.29e-09,1.08e-07
iris,passive,1500,base,2.00e-02,2.98e-02,7.40e-01,7.21e-01,7.06e+01
