training accuracy: 0.456193353474
Counter({2: 182, 0: 130, 1: 17, 4: 2})
dataset,method,budget,mode,loss,loss_u,probas,probas_u,model l1
finding solution of system of 102 equations with 205 unknowns with BFGS
Warning: Maximum number of iterations has been exceeded.
         Current function value: 155.333253
         Iterations: 100
         Function evaluations: 105
         Gradient evaluations: 105
obtained train accuracy of 1.0
steak,passive,102,extr,0.00e+00,1.00e-05,2.21e-06,1.23e-06,8.80e-04
steak,passive,102,base,4.14e-01,4.18e-01,6.19e-01,7.21e-01,3.20e+03
finding solution of system of 205 equations with 205 unknowns with BFGS
Optimization terminated successfully.
         Current function value: 310.706701
         Iterations: 79
         Function evaluations: 99
         Gradient evaluations: 99
obtained train accuracy of 1.0
steak,passive,205,extr,0.00e+00,0.00e+00,1.87e-07,1.27e-07,8.52e-05
steak,passive,205,base,4.80e-01,3.37e-01,5.47e-01,7.50e-01,7.23e+04
finding solution of system of 410 equations with 205 unknowns with BFGS
Optimization terminated successfully.
         Current function value: 621.377494
         Iterations: 71
         Function evaluations: 90
         Gradient evaluations: 90
obtained train accuracy of 1.0
steak,passive,410,extr,0.00e+00,0.00e+00,7.07e-08,4.85e-08,2.97e-05
steak,passive,410,base,2.21e-01,2.27e-01,4.44e-01,6.86e-01,7.84e+03
finding solution of system of 1025 equations with 205 unknowns with BFGS
Optimization terminated successfully.
         Current function value: 1559.164179
         Iterations: 93
         Function evaluations: 126
         Gradient evaluations: 126
obtained train accuracy of 1.0
steak,passive,1025,extr,0.00e+00,0.00e+00,1.83e-08,9.97e-09,3.82e-06
steak,passive,1025,base,1.18e-01,1.17e-01,4.53e-01,6.29e-01,2.77e+02
finding solution of system of 2050 equations with 205 unknowns with BFGS
Warning: Maximum number of iterations has been exceeded.
         Current function value: 3116.246426
         Iterations: 100
         Function evaluations: 128
         Gradient evaluations: 128
obtained train accuracy of 1.0
steak,passive,2050,extr,0.00e+00,0.00e+00,2.86e-06,1.88e-06,5.53e-04
steak,passive,2050,base,7.55e-02,9.14e-02,4.30e-01,6.13e-01,2.40e+02
finding solution of system of 4100 equations with 205 unknowns with BFGS
Warning: Maximum number of iterations has been exceeded.
         Current function value: 6229.008212
         Iterations: 100
         Function evaluations: 130
         Gradient evaluations: 130
obtained train accuracy of 0.999756097561
steak,passive,4100,extr,0.00e+00,1.52e-03,6.66e-04,3.52e-04,1.24e-01
steak,passive,4100,base,6.04e-02,7.78e-02,4.06e-01,6.09e-01,2.32e+02
finding solution of system of 10250 equations with 205 unknowns with BFGS
Warning: Maximum number of iterations has been exceeded.
         Current function value: 15573.391892
         Iterations: 100
         Function evaluations: 144
         Gradient evaluations: 144
obtained train accuracy of 0.992682926829
steak,passive,10250,extr,0.00e+00,6.52e-03,2.97e-03,1.56e-03,4.95e-01
steak,passive,10250,base,5.44e-02,5.89e-02,4.03e-01,6.00e-01,2.18e+02
finding solution of system of 20500 equations with 205 unknowns with BFGS
Warning: Maximum number of iterations has been exceeded.
         Current function value: 31159.070231
         Iterations: 100
         Function evaluations: 147
         Gradient evaluations: 147
obtained train accuracy of 0.980243902439
finding solution of system of 20500 equations with 205 unknowns with BFGS
Warning: Maximum number of iterations has been exceeded.
         Current function value: 31159.070242
         Iterations: 100
         Function evaluations: 147
         Gradient evaluations: 147
obtained train accuracy of 0.980243902439
finding solution of system of 20500 equations with 205 unknowns with BFGS
Warning: Maximum number of iterations has been exceeded.
         Current function value: 31159.070234
         Iterations: 100
         Function evaluations: 147
         Gradient evaluations: 147
obtained train accuracy of 0.980243902439
finding solution of system of 20500 equations with 205 unknowns with BFGS
Warning: Maximum number of iterations has been exceeded.
         Current function value: 31159.070240
         Iterations: 100
         Function evaluations: 147
         Gradient evaluations: 147
obtained train accuracy of 0.980243902439
finding solution of system of 20500 equations with 205 unknowns with BFGS
Warning: Maximum number of iterations has been exceeded.
         Current function value: 31159.070234
         Iterations: 100
         Function evaluations: 147
         Gradient evaluations: 147
obtained train accuracy of 0.980243902439
finding solution of system of 20500 equations with 205 unknowns with BFGS
Warning: Maximum number of iterations has been exceeded.
         Current function value: 31159.070228
         Iterations: 100
         Function evaluations: 147
         Gradient evaluations: 147
obtained train accuracy of 0.980243902439
finding solution of system of 20500 equations with 205 unknowns with BFGS
Warning: Maximum number of iterations has been exceeded.
         Current function value: 31159.070231
         Iterations: 100
         Function evaluations: 147
         Gradient evaluations: 147
obtained train accuracy of 0.980243902439
finding solution of system of 20500 equations with 205 unknowns with BFGS
Warning: Maximum number of iterations has been exceeded.
         Current function value: 31159.070236
         Iterations: 100
         Function evaluations: 147
         Gradient evaluations: 147
obtained train accuracy of 0.980243902439
steak,passive,20500,extr,1.21e-02,1.99e-02,8.36e-03,4.99e-03,2.67e+00
steak,passive,20500,base,6.34e-02,5.71e-02,4.10e-01,6.02e-01,2.18e+02
