training accuracy: 0.853159166291
Counter({0: 39277, 1: 9565})
dataset,method,budget,mode,loss,loss_u,probas,probas_u,model l1
adult_b,binary,54,extr,1.91e-01,2.25e-01,2.32e-01,2.24e-01,6.55e+01
adult_b,lowd-meek,54,base,1.96e-01,5.06e-01,3.53e-01,4.45e-01,4.66e+01
adult_b,binary,109,extr,0.00e+00,0.00e+00,1.20e-10,3.03e-11,1.35e-08
adult_b,lowd-meek,109,base,1.96e-01,5.06e-01,3.53e-01,4.45e-01,4.66e+01
adult_b,binary,218,extr,0.00e+00,0.00e+00,3.86e-12,1.21e-12,5.71e-10
adult_b,lowd-meek,218,base,1.96e-01,5.06e-01,3.53e-01,4.45e-01,4.66e+01
adult_b,binary,545,extr,0.00e+00,0.00e+00,1.32e-10,1.06e-11,5.10e-09
adult_b,lowd-meek,545,base,1.96e-01,5.06e-01,3.53e-01,4.45e-01,4.66e+01
adult_b,binary,1090,extr,0.00e+00,0.00e+00,2.65e-11,3.07e-12,1.47e-09
adult_b,lowd-meek,1090,base,1.96e-01,5.06e-01,3.53e-01,4.45e-01,4.66e+01
adult_b,binary,2180,extr,0.00e+00,0.00e+00,4.61e-12,1.36e-12,6.23e-10
adult_b,lowd-meek,2180,base,1.96e-01,5.06e-01,3.53e-01,4.45e-01,4.66e+01
adult_b,binary,5450,extr,0.00e+00,0.00e+00,2.13e-11,3.55e-12,1.79e-09
adult_b,lowd-meek,5450,base,0.00e+00,0.00e+00,2.98e-01,3.21e-01,4.29e+01
adult_b,binary,10900,extr,0.00e+00,0.00e+00,3.30e-12,8.62e-13,3.87e-10
adult_b,lowd-meek,10900,base,0.00e+00,0.00e+00,2.98e-01,3.21e-01,4.29e+01
finding solution of system of 54 equations with 109 unknowns with BFGS
Warning: Maximum number of iterations has been exceeded.
         Current function value: 7.866114
         Iterations: 100
         Function evaluations: 105
         Gradient evaluations: 105
obtained train accuracy of 1.0
adult_b,passive,54,extr,3.37e-01,2.40e-01,2.87e-01,2.38e-01,6.07e+01
adult_b,passive,54,base,2.57e-01,2.69e-01,2.77e-01,2.70e-01,2.34e+02
finding solution of system of 109 equations with 109 unknowns with BFGS
Warning: Maximum number of iterations has been exceeded.
         Current function value: 15.539683
         Iterations: 100
         Function evaluations: 104
         Gradient evaluations: 104
obtained train accuracy of 1.0
adult_b,passive,109,extr,3.13e-01,9.49e-02,2.48e-01,9.47e-02,4.08e+01
adult_b,passive,109,base,2.01e-01,1.88e-01,2.42e-01,1.92e-01,2.99e+02
finding solution of system of 218 equations with 109 unknowns with BFGS
Warning: Maximum number of iterations has been exceeded.
         Current function value: 31.945559
         Iterations: 100
         Function evaluations: 101
         Gradient evaluations: 101
obtained train accuracy of 1.0
adult_b,passive,218,extr,5.12e-04,2.00e-04,5.84e-04,1.68e-04,7.90e-02
adult_b,passive,218,base,7.89e-01,1.46e-01,7.45e-01,1.53e-01,4.82e+02
finding solution of system of 545 equations with 109 unknowns with BFGS
Warning: Maximum number of iterations has been exceeded.
         Current function value: 78.328034
         Iterations: 100
         Function evaluations: 110
         Gradient evaluations: 110
obtained train accuracy of 1.0
adult_b,passive,545,extr,0.00e+00,0.00e+00,8.64e-06,2.91e-06,1.33e-03
adult_b,passive,545,base,1.88e-01,6.52e-02,2.32e-01,8.39e-02,8.49e+02
finding solution of system of 1090 equations with 109 unknowns with BFGS
Warning: Maximum number of iterations has been exceeded.
         Current function value: 158.350900
         Iterations: 100
         Function evaluations: 118
         Gradient evaluations: 118
obtained train accuracy of 1.0
adult_b,passive,1090,extr,0.00e+00,0.00e+00,4.83e-06,3.43e-06,1.50e-03
adult_b,passive,1090,base,1.41e-01,4.55e-02,1.94e-01,7.07e-02,1.35e+03
finding solution of system of 2180 equations with 109 unknowns with BFGS
Warning: Maximum number of iterations has been exceeded.
         Current function value: 284.629531
         Iterations: 100
         Function evaluations: 133
         Gradient evaluations: 133
obtained train accuracy of 1.0
adult_b,passive,2180,extr,8.19e-05,5.00e-05,6.88e-05,4.63e-05,2.22e-02
adult_b,passive,2180,base,5.44e-02,2.39e-02,1.51e-01,5.94e-02,2.17e+03
finding solution of system of 5450 equations with 109 unknowns with BFGS
Warning: Maximum number of iterations has been exceeded.
         Current function value: 723.558727
         Iterations: 100
         Function evaluations: 146
         Gradient evaluations: 146
obtained train accuracy of 1.0
adult_b,passive,5450,extr,1.09e-03,4.00e-04,1.56e-03,4.25e-04,2.26e-01
adult_b,passive,5450,base,1.05e-01,1.06e-02,1.71e-01,5.57e-02,5.17e+03
finding solution of system of 10900 equations with 109 unknowns with BFGS
Warning: Maximum number of iterations has been exceeded.
         Current function value: 1416.941563
         Iterations: 100
         Function evaluations: 168
         Gradient evaluations: 168
obtained train accuracy of 1.0
adult_b,passive,10900,extr,8.19e-05,7.00e-05,9.92e-05,3.75e-05,1.90e-02
adult_b,passive,10900,base,1.35e-02,5.34e-03,1.46e-01,5.53e-02,1.18e+04
