training accuracy: 0.853159166291
Counter({0: 39277, 1: 9565})
dataset,method,budget,mode,loss,loss_u,probas,probas_u,model l1
adult_b,binary,54,extr,1.55e-01,2.37e-01,1.89e-01,2.36e-01,6.66e+01
adult_b,lowd-meek,54,base,1.96e-01,5.06e-01,3.53e-01,4.45e-01,4.66e+01
adult_b,binary,109,extr,0.00e+00,0.00e+00,4.79e-10,1.34e-10,5.87e-08
adult_b,lowd-meek,109,base,1.96e-01,5.06e-01,3.53e-01,4.45e-01,4.66e+01
adult_b,binary,218,extr,0.00e+00,0.00e+00,3.74e-12,1.54e-12,7.22e-10
adult_b,lowd-meek,218,base,1.96e-01,5.06e-01,3.53e-01,4.45e-01,4.66e+01
adult_b,binary,545,extr,0.00e+00,0.00e+00,1.77e-11,1.03e-12,4.91e-10
adult_b,lowd-meek,545,base,1.96e-01,5.06e-01,3.53e-01,4.45e-01,4.66e+01
adult_b,binary,1090,extr,0.00e+00,0.00e+00,3.74e-12,8.12e-13,3.83e-10
adult_b,lowd-meek,1090,base,1.96e-01,5.06e-01,3.53e-01,4.45e-01,4.66e+01
adult_b,binary,2180,extr,0.00e+00,0.00e+00,1.30e-12,6.14e-13,2.85e-10
adult_b,lowd-meek,2180,base,1.96e-01,5.06e-01,3.53e-01,4.45e-01,4.66e+01
adult_b,binary,5450,extr,0.00e+00,0.00e+00,4.56e-12,7.72e-13,3.62e-10
adult_b,lowd-meek,5450,base,0.00e+00,0.00e+00,2.98e-01,3.21e-01,4.29e+01
adult_b,binary,10900,extr,0.00e+00,0.00e+00,2.35e-12,5.76e-13,2.66e-10
adult_b,lowd-meek,10900,base,0.00e+00,0.00e+00,2.98e-01,3.21e-01,4.29e+01
finding solution of system of 54 equations with 109 unknowns with BFGS
Warning: Maximum number of iterations has been exceeded.
         Current function value: 8.829606
         Iterations: 100
         Function evaluations: 105
         Gradient evaluations: 105
obtained train accuracy of 1.0
adult_b,passive,54,extr,7.94e-01,2.23e-01,7.24e-01,2.22e-01,6.03e+01
adult_b,passive,54,base,5.05e-01,3.08e-01,4.77e-01,3.07e-01,1.95e+02
finding solution of system of 109 equations with 109 unknowns with BFGS
Warning: Maximum number of iterations has been exceeded.
         Current function value: 11.455912
         Iterations: 100
         Function evaluations: 107
         Gradient evaluations: 107
obtained train accuracy of 1.0
adult_b,passive,109,extr,7.90e-01,9.43e-02,7.29e-01,9.42e-02,3.93e+01
adult_b,passive,109,base,8.04e-01,2.15e-01,7.59e-01,2.18e-01,3.31e+02
finding solution of system of 218 equations with 109 unknowns with BFGS
Warning: Maximum number of iterations has been exceeded.
         Current function value: 30.684302
         Iterations: 100
         Function evaluations: 103
         Gradient evaluations: 103
obtained train accuracy of 1.0
adult_b,passive,218,extr,2.31e-03,5.30e-04,2.28e-03,6.06e-04,2.66e-01
adult_b,passive,218,base,1.91e-01,1.41e-01,2.35e-01,1.49e-01,4.28e+02
finding solution of system of 545 equations with 109 unknowns with BFGS
Warning: Maximum number of iterations has been exceeded.
         Current function value: 75.472623
         Iterations: 100
         Function evaluations: 107
         Gradient evaluations: 107
obtained train accuracy of 1.0
adult_b,passive,545,extr,0.00e+00,0.00e+00,2.26e-05,3.63e-06,1.69e-03
adult_b,passive,545,base,1.93e-01,8.82e-02,2.32e-01,1.03e-01,8.26e+02
finding solution of system of 1090 equations with 109 unknowns with BFGS
Warning: Maximum number of iterations has been exceeded.
         Current function value: 151.518703
         Iterations: 100
         Function evaluations: 119
         Gradient evaluations: 119
obtained train accuracy of 1.0
adult_b,passive,1090,extr,0.00e+00,0.00e+00,2.24e-05,4.58e-06,2.05e-03
adult_b,passive,1090,base,9.32e-02,4.39e-02,1.66e-01,6.93e-02,1.02e+03
finding solution of system of 2180 equations with 109 unknowns with BFGS
Warning: Maximum number of iterations has been exceeded.
         Current function value: 290.255774
         Iterations: 100
         Function evaluations: 135
         Gradient evaluations: 135
obtained train accuracy of 1.0
adult_b,passive,2180,extr,1.43e-04,2.00e-05,1.56e-04,1.34e-05,6.58e-03
adult_b,passive,2180,base,1.22e-01,2.44e-02,1.75e-01,5.99e-02,2.46e+03
finding solution of system of 5450 equations with 109 unknowns with BFGS
Warning: Maximum number of iterations has been exceeded.
         Current function value: 727.588504
         Iterations: 100
         Function evaluations: 145
         Gradient evaluations: 145
obtained train accuracy of 0.999449541284
adult_b,passive,5450,extr,4.50e-04,3.70e-04,5.87e-04,4.52e-04,2.36e-01
adult_b,passive,5450,base,7.74e-02,7.78e-03,1.58e-01,5.54e-02,7.11e+03
finding solution of system of 10900 equations with 109 unknowns with BFGS
Warning: Maximum number of iterations has been exceeded.
         Current function value: 1434.514194
         Iterations: 100
         Function evaluations: 166
         Gradient evaluations: 166
obtained train accuracy of 1.0
adult_b,passive,10900,extr,6.14e-05,7.00e-05,1.01e-04,5.10e-05,2.42e-02
adult_b,passive,10900,base,1.14e-02,4.68e-03,1.46e-01,5.52e-02,1.12e+04
