training accuracy: 0.853159166291
Counter({0: 39277, 1: 9565})
dataset,method,budget,mode,loss,loss_u,probas,probas_u,model l1
adult_b,binary,54,extr,7.96e-01,2.49e-01,7.28e-01,2.47e-01,6.27e+01
adult_b,lowd-meek,54,base,1.96e-01,5.07e-01,3.53e-01,4.45e-01,4.66e+01
adult_b,binary,109,extr,0.00e+00,0.00e+00,1.22e-11,4.21e-12,1.82e-09
adult_b,lowd-meek,109,base,1.96e-01,5.07e-01,3.53e-01,4.45e-01,4.66e+01
adult_b,binary,218,extr,0.00e+00,0.00e+00,5.69e-13,1.98e-13,9.13e-11
adult_b,lowd-meek,218,base,1.96e-01,5.07e-01,3.53e-01,4.45e-01,4.66e+01
adult_b,binary,545,extr,0.00e+00,0.00e+00,3.78e-12,8.19e-13,3.68e-10
adult_b,lowd-meek,545,base,1.96e-01,5.07e-01,3.53e-01,4.45e-01,4.66e+01
adult_b,binary,1090,extr,0.00e+00,0.00e+00,3.27e-12,9.99e-13,4.44e-10
adult_b,lowd-meek,1090,base,1.96e-01,5.07e-01,3.53e-01,4.45e-01,4.66e+01
adult_b,binary,2180,extr,0.00e+00,0.00e+00,5.33e-12,2.42e-12,1.22e-09
adult_b,lowd-meek,2180,base,1.96e-01,5.07e-01,3.53e-01,4.45e-01,4.66e+01
adult_b,binary,5450,extr,0.00e+00,0.00e+00,1.49e-11,1.33e-12,6.07e-10
adult_b,lowd-meek,5450,base,0.00e+00,0.00e+00,2.98e-01,3.21e-01,4.29e+01
adult_b,binary,10900,extr,0.00e+00,0.00e+00,9.42e-12,1.01e-12,4.95e-10
adult_b,lowd-meek,10900,base,0.00e+00,0.00e+00,2.98e-01,3.21e-01,4.29e+01
finding solution of system of 54 equations with 109 unknowns with BFGS
Warning: Maximum number of iterations has been exceeded.
         Current function value: 7.121606
         Iterations: 100
         Function evaluations: 105
         Gradient evaluations: 105
obtained train accuracy of 1.0
adult_b,passive,54,extr,3.54e-01,2.47e-01,3.00e-01,2.45e-01,6.46e+01
adult_b,passive,54,base,5.84e-01,2.90e-01,5.46e-01,2.90e-01,2.13e+02
finding solution of system of 109 equations with 109 unknowns with BFGS
Warning: Maximum number of iterations has been exceeded.
         Current function value: 11.895268
         Iterations: 100
         Function evaluations: 103
         Gradient evaluations: 103
obtained train accuracy of 1.0
adult_b,passive,109,extr,1.87e-01,1.28e-01,2.19e-01,1.27e-01,5.09e+01
adult_b,passive,109,base,6.73e-01,2.21e-01,6.22e-01,2.24e-01,3.23e+02
finding solution of system of 218 equations with 109 unknowns with BFGS
Warning: Maximum number of iterations has been exceeded.
         Current function value: 28.141229
         Iterations: 100
         Function evaluations: 103
         Gradient evaluations: 103
obtained train accuracy of 1.0
adult_b,passive,218,extr,9.36e-03,8.40e-04,8.21e-03,7.64e-04,3.61e-01
adult_b,passive,218,base,1.79e-01,1.67e-01,2.20e-01,1.74e-01,4.19e+02
finding solution of system of 545 equations with 109 unknowns with BFGS
Warning: Maximum number of iterations has been exceeded.
         Current function value: 69.637593
         Iterations: 100
         Function evaluations: 110
         Gradient evaluations: 110
obtained train accuracy of 1.0
adult_b,passive,545,extr,0.00e+00,0.00e+00,3.09e-06,1.12e-06,4.81e-04
adult_b,passive,545,base,2.07e-01,8.10e-02,2.21e-01,9.64e-02,8.10e+02
finding solution of system of 1090 equations with 109 unknowns with BFGS
Warning: Maximum number of iterations has been exceeded.
         Current function value: 141.185968
         Iterations: 100
         Function evaluations: 120
         Gradient evaluations: 120
obtained train accuracy of 1.0
adult_b,passive,1090,extr,0.00e+00,1.00e-05,6.04e-06,2.96e-06,1.39e-03
adult_b,passive,1090,base,1.71e-01,4.51e-02,2.17e-01,7.03e-02,1.32e+03
finding solution of system of 2180 equations with 109 unknowns with BFGS
Warning: Maximum number of iterations has been exceeded.
         Current function value: 282.011725
         Iterations: 100
         Function evaluations: 136
         Gradient evaluations: 136
obtained train accuracy of 1.0
adult_b,passive,2180,extr,2.05e-05,1.00e-05,7.05e-05,1.74e-05,7.97e-03
adult_b,passive,2180,base,3.83e-02,1.93e-02,1.49e-01,5.80e-02,3.47e+03
finding solution of system of 5450 equations with 109 unknowns with BFGS
Warning: Maximum number of iterations has been exceeded.
         Current function value: 717.339323
         Iterations: 100
         Function evaluations: 143
         Gradient evaluations: 143
obtained train accuracy of 0.999266055046
adult_b,passive,5450,extr,6.55e-04,3.70e-04,5.99e-04,3.74e-04,2.09e-01
adult_b,passive,5450,base,2.49e-02,1.01e-02,1.47e-01,5.57e-02,6.00e+03
finding solution of system of 10900 equations with 109 unknowns with BFGS
Warning: Maximum number of iterations has been exceeded.
         Current function value: 1472.902805
         Iterations: 100
         Function evaluations: 164
         Gradient evaluations: 164
obtained train accuracy of 1.0
adult_b,passive,10900,extr,1.43e-04,5.00e-05,1.37e-04,6.17e-05,3.10e-02
adult_b,passive,10900,base,1.95e-02,4.78e-03,1.47e-01,5.51e-02,1.38e+04
