training accuracy: 0.9625
Counter({0: 227, 1: 173})
dataset,method,budget,mode,loss,loss_u,probas,probas_u,model l1
cancer,binary,5,extr,5.60e-01,1.78e-01,3.78e-01,1.95e-01,8.37e+00
cancer,lowd-meek,5,base,4.32e-01,8.27e-01,4.49e-01,3.28e-01,1.03e+01
cancer,binary,11,extr,0.00e+00,0.00e+00,3.47e-16,5.00e-16,1.79e-14
cancer,lowd-meek,11,base,4.32e-01,8.27e-01,4.49e-01,3.28e-01,1.03e+01
cancer,binary,22,extr,0.00e+00,0.00e+00,2.59e-16,4.52e-16,2.42e-14
cancer,lowd-meek,22,base,4.32e-01,8.27e-01,4.49e-01,3.28e-01,1.03e+01
cancer,binary,55,extr,0.00e+00,0.00e+00,1.44e-16,3.28e-16,1.55e-14
cancer,lowd-meek,55,base,4.32e-01,8.27e-01,4.49e-01,3.28e-01,1.03e+01
cancer,binary,110,extr,0.00e+00,0.00e+00,9.23e-17,3.91e-16,1.67e-14
cancer,lowd-meek,110,base,4.32e-01,8.27e-01,4.49e-01,3.28e-01,1.03e+01
cancer,binary,220,extr,0.00e+00,0.00e+00,9.12e-17,2.54e-16,1.23e-14
cancer,lowd-meek,220,base,0.00e+00,3.87e-03,7.10e-02,8.78e-02,4.51e+00
cancer,binary,550,extr,0.00e+00,0.00e+00,1.10e-16,4.17e-16,1.99e-14
cancer,lowd-meek,550,base,0.00e+00,0.00e+00,8.58e-02,1.03e-01,5.01e+00
cancer,binary,1100,extr,0.00e+00,0.00e+00,1.12e-16,3.57e-16,1.28e-14
cancer,lowd-meek,1100,base,0.00e+00,0.00e+00,8.58e-02,1.03e-01,5.01e+00
finding solution of system of 5 equations with 11 unknowns with BFGS
Optimization terminated successfully.
         Current function value: 1.398639
         Iterations: 21
         Function evaluations: 22
         Gradient evaluations: 22
obtained train accuracy of 1.0
cancer,passive,5,extr,3.00e-02,1.73e-01,9.86e-02,1.63e-01,7.17e+00
cancer,passive,5,base,5.68e-01,1.73e-01,4.20e-01,7.60e-01,1.03e+01
finding solution of system of 11 equations with 11 unknowns with BFGS
Optimization terminated successfully.
         Current function value: 5.700601
         Iterations: 54
         Function evaluations: 55
         Gradient evaluations: 55
obtained train accuracy of 1.0
cancer,passive,11,extr,0.00e+00,0.00e+00,3.21e-06,1.30e-05,6.43e-04
cancer,passive,11,base,5.00e-02,1.82e-01,6.52e-02,2.33e-01,9.42e+01
finding solution of system of 22 equations with 11 unknowns with BFGS
Optimization terminated successfully.
         Current function value: 7.491698
         Iterations: 27
         Function evaluations: 28
         Gradient evaluations: 28
obtained train accuracy of 1.0
cancer,passive,22,extr,0.00e+00,0.00e+00,2.24e-08,9.26e-08,4.41e-06
cancer,passive,22,base,3.25e-02,2.16e-01,6.39e-02,2.59e-01,1.57e+02
finding solution of system of 55 equations with 11 unknowns with BFGS
Optimization terminated successfully.
         Current function value: 20.299534
         Iterations: 18
         Function evaluations: 21
         Gradient evaluations: 21
obtained train accuracy of 1.0
cancer,passive,55,extr,0.00e+00,0.00e+00,2.10e-08,3.99e-08,1.62e-06
cancer,passive,55,base,5.00e-03,7.41e-02,5.02e-02,1.82e-01,3.36e+02
finding solution of system of 110 equations with 11 unknowns with BFGS
Optimization terminated successfully.
         Current function value: 44.213431
         Iterations: 19
         Function evaluations: 28
         Gradient evaluations: 28
obtained train accuracy of 1.0
cancer,passive,110,extr,0.00e+00,0.00e+00,3.02e-09,7.57e-09,3.84e-07
cancer,passive,110,base,1.00e-02,3.86e-02,5.01e-02,1.74e-01,8.80e+02
finding solution of system of 220 equations with 11 unknowns with BFGS
Optimization terminated successfully.
         Current function value: 84.866629
         Iterations: 23
         Function evaluations: 31
         Gradient evaluations: 31
obtained train accuracy of 1.0
cancer,passive,220,extr,0.00e+00,0.00e+00,8.97e-11,1.16e-10,5.66e-09
cancer,passive,220,base,1.75e-02,2.14e-02,5.19e-02,1.72e-01,1.85e+03
finding solution of system of 550 equations with 11 unknowns with BFGS
Optimization terminated successfully.
         Current function value: 209.175709
         Iterations: 28
         Function evaluations: 36
         Gradient evaluations: 36
obtained train accuracy of 1.0
cancer,passive,550,extr,0.00e+00,0.00e+00,2.97e-10,1.05e-09,4.34e-08
cancer,passive,550,base,0.00e+00,1.01e-02,5.08e-02,1.72e-01,7.29e+03
finding solution of system of 1100 equations with 11 unknowns with BFGS
Optimization terminated successfully.
         Current function value: 410.211012
         Iterations: 27
         Function evaluations: 37
         Gradient evaluations: 37
obtained train accuracy of 1.0
cancer,passive,1100,extr,0.00e+00,0.00e+00,1.35e-09,1.83e-09,8.38e-08
cancer,passive,1100,base,0.00e+00,6.39e-03,5.08e-02,1.72e-01,8.09e+03
