training accuracy: 0.4408
Counter({0: 3306, 1: 1694})
dataset,method,budget,mode,loss,loss_u,probas,probas_u,model l1
circles,binary,1,extr,3.39e-01,3.24e-01,6.44e-03,7.18e-03,8.75e-02
circles,lowd-meek,1,base,3.39e-01,3.24e-01,7.09e-03,7.93e-03,1.02e-01
circles,binary,3,extr,0.00e+00,0.00e+00,4.02e-17,4.10e-17,4.06e-16
circles,lowd-meek,3,base,3.39e-01,3.24e-01,7.09e-03,7.93e-03,1.02e-01
circles,binary,6,extr,0.00e+00,0.00e+00,1.67e-16,1.85e-16,2.29e-15
circles,lowd-meek,6,base,3.39e-01,3.24e-01,7.09e-03,7.93e-03,1.02e-01
circles,binary,15,extr,0.00e+00,0.00e+00,1.77e-17,1.84e-17,1.42e-16
circles,lowd-meek,15,base,3.39e-01,3.24e-01,7.09e-03,7.93e-03,1.02e-01
circles,binary,30,extr,0.00e+00,0.00e+00,6.04e-18,6.18e-18,6.59e-17
circles,lowd-meek,30,base,1.00e-03,9.20e-04,1.58e-01,1.72e-01,2.52e+00
circles,binary,60,extr,0.00e+00,0.00e+00,5.86e-18,6.01e-18,7.29e-17
circles,lowd-meek,60,base,0.00e+00,0.00e+00,1.35e-01,1.48e-01,2.09e+00
circles,binary,150,extr,0.00e+00,0.00e+00,6.86e-18,7.24e-18,7.29e-17
circles,lowd-meek,150,base,0.00e+00,0.00e+00,1.35e-01,1.48e-01,2.09e+00
circles,binary,300,extr,0.00e+00,0.00e+00,6.46e-18,6.69e-18,8.33e-17
circles,lowd-meek,300,base,0.00e+00,0.00e+00,1.35e-01,1.48e-01,2.09e+00
circles,passive,1,extr,1.00e+00,1.00e+00,1.00e+00,1.00e+00,1.00e+00
circles,passive,1,base,1.00e+00,1.00e+00,1.00e+00,1.00e+00,1.00e+00
circles,passive,3,extr,1.00e+00,1.00e+00,1.00e+00,1.00e+00,1.00e+00
circles,passive,3,base,1.00e+00,1.00e+00,1.00e+00,1.00e+00,1.00e+00
finding solution of system of 6 equations with 3 unknowns with BFGS
Optimization terminated successfully.
         Current function value: 4.157339
         Iterations: 7
         Function evaluations: 8
         Gradient evaluations: 8
obtained train accuracy of 1.0
circles,passive,6,extr,0.00e+00,1.00e-05,4.05e-08,4.64e-08,4.73e-07
circles,passive,6,base,2.26e-01,1.77e-01,4.89e-01,4.86e-01,1.50e+02
finding solution of system of 15 equations with 3 unknowns with BFGS
Optimization terminated successfully.
         Current function value: 10.393882
         Iterations: 4
         Function evaluations: 7
         Gradient evaluations: 7
obtained train accuracy of 1.0
circles,passive,15,extr,0.00e+00,0.00e+00,2.78e-11,2.89e-11,3.14e-10
circles,passive,15,base,7.44e-02,7.10e-02,4.78e-01,4.76e-01,8.44e+01
finding solution of system of 30 equations with 3 unknowns with BFGS
Optimization terminated successfully.
         Current function value: 20.789254
         Iterations: 4
         Function evaluations: 8
         Gradient evaluations: 8
obtained train accuracy of 1.0
circles,passive,30,extr,0.00e+00,0.00e+00,1.42e-10,1.59e-10,1.97e-09
circles,passive,30,base,1.18e-02,1.49e-02,4.92e-01,4.91e-01,1.47e+03
finding solution of system of 60 equations with 3 unknowns with BFGS
Optimization terminated successfully.
         Current function value: 41.576022
         Iterations: 5
         Function evaluations: 9
         Gradient evaluations: 9
obtained train accuracy of 1.0
circles,passive,60,extr,0.00e+00,0.00e+00,3.19e-13,3.19e-13,1.57e-12
circles,passive,60,base,9.20e-03,1.40e-02,4.91e-01,4.90e-01,6.85e+02
finding solution of system of 150 equations with 3 unknowns with BFGS
Optimization terminated successfully.
         Current function value: 103.945186
         Iterations: 5
         Function evaluations: 9
         Gradient evaluations: 9
obtained train accuracy of 1.0
circles,passive,150,extr,0.00e+00,0.00e+00,2.14e-10,2.34e-10,2.90e-09
circles,passive,150,base,1.20e-02,1.71e-02,4.92e-01,4.91e-01,1.08e+03
finding solution of system of 300 equations with 3 unknowns with BFGS
Optimization terminated successfully.
         Current function value: 207.884650
         Iterations: 6
         Function evaluations: 10
         Gradient evaluations: 10
obtained train accuracy of 1.0
circles,passive,300,extr,0.00e+00,0.00e+00,1.00e-09,1.09e-09,1.34e-08
circles,passive,300,base,1.40e-03,9.50e-04,4.93e-01,4.92e-01,8.20e+03
