training accuracy: 0.768229166667
Counter({1: 564, 0: 204})
dataset,method,budget,mode,loss,loss_u,probas,probas_u,model l1
diabetes,binary,4,extr,7.33e-01,3.88e-01,5.20e-01,2.79e-01,7.91e+00
diabetes,lowd-meek,4,base,7.34e-01,5.07e-01,2.56e-01,3.05e-01,8.47e+00
diabetes,binary,9,extr,0.00e+00,0.00e+00,5.17e-16,2.62e-16,1.05e-14
diabetes,lowd-meek,9,base,7.34e-01,5.07e-01,2.56e-01,3.05e-01,8.47e+00
diabetes,binary,18,extr,0.00e+00,0.00e+00,3.98e-16,4.30e-16,1.69e-14
diabetes,lowd-meek,18,base,7.34e-01,5.07e-01,2.56e-01,3.05e-01,8.47e+00
diabetes,binary,45,extr,0.00e+00,0.00e+00,3.70e-16,3.89e-16,1.02e-14
diabetes,lowd-meek,45,base,7.34e-01,5.07e-01,2.56e-01,3.05e-01,8.47e+00
diabetes,binary,90,extr,0.00e+00,0.00e+00,1.38e-16,2.32e-16,9.54e-15
diabetes,lowd-meek,90,base,7.34e-01,5.07e-01,2.56e-01,3.05e-01,8.47e+00
diabetes,binary,180,extr,0.00e+00,0.00e+00,1.23e-16,1.73e-16,6.82e-15
diabetes,lowd-meek,180,base,1.30e-03,1.37e-03,1.47e-01,1.57e-01,5.55e+00
diabetes,binary,450,extr,0.00e+00,0.00e+00,1.03e-15,8.24e-16,3.24e-14
diabetes,lowd-meek,450,base,0.00e+00,0.00e+00,1.48e-01,1.57e-01,5.55e+00
diabetes,binary,900,extr,0.00e+00,0.00e+00,1.29e-16,1.81e-16,8.82e-15
diabetes,lowd-meek,900,base,0.00e+00,0.00e+00,1.48e-01,1.57e-01,5.55e+00
diabetes,passive,4,extr,1.00e+00,1.00e+00,1.00e+00,1.00e+00,1.00e+00
diabetes,passive,4,base,1.00e+00,1.00e+00,1.00e+00,1.00e+00,1.00e+00
finding solution of system of 9 equations with 9 unknowns with BFGS
Optimization terminated successfully.
         Current function value: 2.721311
         Iterations: 42
         Function evaluations: 43
         Gradient evaluations: 43
obtained train accuracy of 1.0
diabetes,passive,9,extr,0.00e+00,0.00e+00,6.31e-07,3.51e-07,1.50e-05
diabetes,passive,9,base,1.37e-01,1.99e-01,2.61e-01,2.59e-01,1.22e+02
finding solution of system of 18 equations with 9 unknowns with BFGS
Optimization terminated successfully.
         Current function value: 7.258176
         Iterations: 23
         Function evaluations: 24
         Gradient evaluations: 24
obtained train accuracy of 1.0
diabetes,passive,18,extr,0.00e+00,0.00e+00,4.92e-08,3.47e-08,1.07e-06
diabetes,passive,18,base,4.60e-01,1.70e-01,4.22e-01,2.41e-01,1.57e+02
finding solution of system of 45 equations with 9 unknowns with BFGS
Optimization terminated successfully.
         Current function value: 20.344226
         Iterations: 17
         Function evaluations: 19
         Gradient evaluations: 19
obtained train accuracy of 1.0
diabetes,passive,45,extr,0.00e+00,0.00e+00,6.50e-09,1.18e-08,3.68e-07
diabetes,passive,45,base,5.73e-02,1.04e-01,2.47e-01,2.14e-01,4.00e+02
finding solution of system of 90 equations with 9 unknowns with BFGS
Optimization terminated successfully.
         Current function value: 38.433030
         Iterations: 19
         Function evaluations: 24
         Gradient evaluations: 24
obtained train accuracy of 1.0
diabetes,passive,90,extr,0.00e+00,0.00e+00,3.72e-08,2.02e-08,8.22e-07
diabetes,passive,90,base,1.17e-02,1.95e-02,2.43e-01,1.95e-01,1.59e+03
finding solution of system of 180 equations with 9 unknowns with BFGS
Optimization terminated successfully.
         Current function value: 73.817097
         Iterations: 21
         Function evaluations: 27
         Gradient evaluations: 27
obtained train accuracy of 1.0
diabetes,passive,180,extr,0.00e+00,0.00e+00,1.81e-09,2.99e-09,1.17e-07
diabetes,passive,180,base,1.04e-02,1.73e-02,2.41e-01,1.94e-01,1.77e+03
finding solution of system of 450 equations with 9 unknowns with BFGS
Optimization terminated successfully.
         Current function value: 189.787703
         Iterations: 24
         Function evaluations: 31
         Gradient evaluations: 31
obtained train accuracy of 1.0
diabetes,passive,450,extr,0.00e+00,0.00e+00,2.76e-09,1.31e-09,5.25e-08
diabetes,passive,450,base,1.95e-02,1.06e-02,2.44e-01,1.95e-01,3.13e+03
finding solution of system of 900 equations with 9 unknowns with BFGS
Optimization terminated successfully.
         Current function value: 374.840519
         Iterations: 24
         Function evaluations: 32
         Gradient evaluations: 32
obtained train accuracy of 1.0
diabetes,passive,900,extr,0.00e+00,0.00e+00,7.18e-10,4.08e-10,1.22e-08
diabetes,passive,900,base,2.60e-03,4.46e-03,2.43e-01,1.95e-01,6.65e+03
