training accuracy: 0.768229166667
Counter({1: 564, 0: 204})
dataset,method,budget,mode,loss,loss_u,probas,probas_u,model l1
diabetes,binary,4,extr,5.21e-01,3.37e-01,2.83e-01,2.50e-01,9.18e+00
diabetes,lowd-meek,4,base,7.34e-01,5.05e-01,2.56e-01,3.05e-01,8.47e+00
diabetes,binary,9,extr,0.00e+00,0.00e+00,4.65e-16,6.38e-16,2.37e-14
diabetes,lowd-meek,9,base,7.34e-01,5.05e-01,2.56e-01,3.05e-01,8.47e+00
diabetes,binary,18,extr,0.00e+00,0.00e+00,2.10e-16,2.81e-16,1.02e-14
diabetes,lowd-meek,18,base,7.34e-01,5.05e-01,2.56e-01,3.05e-01,8.47e+00
diabetes,binary,45,extr,0.00e+00,0.00e+00,2.28e-16,2.25e-16,8.71e-15
diabetes,lowd-meek,45,base,7.34e-01,5.05e-01,2.56e-01,3.05e-01,8.47e+00
diabetes,binary,90,extr,0.00e+00,0.00e+00,2.32e-16,2.00e-16,8.33e-15
diabetes,lowd-meek,90,base,7.81e-03,2.63e-02,5.82e-02,5.09e-02,3.13e+00
diabetes,binary,180,extr,0.00e+00,0.00e+00,2.10e-16,1.78e-16,4.60e-15
diabetes,lowd-meek,180,base,1.30e-03,6.50e-04,1.23e-01,1.27e-01,4.81e+00
diabetes,binary,450,extr,0.00e+00,0.00e+00,4.95e-16,3.79e-16,1.33e-14
diabetes,lowd-meek,450,base,0.00e+00,0.00e+00,1.48e-01,1.57e-01,5.55e+00
diabetes,binary,900,extr,0.00e+00,0.00e+00,1.90e-16,2.38e-16,1.12e-14
diabetes,lowd-meek,900,base,0.00e+00,0.00e+00,1.48e-01,1.57e-01,5.55e+00
diabetes,passive,4,extr,1.00e+00,1.00e+00,1.00e+00,1.00e+00,1.00e+00
diabetes,passive,4,base,1.00e+00,1.00e+00,1.00e+00,1.00e+00,1.00e+00
finding solution of system of 9 equations with 9 unknowns with BFGS
Optimization terminated successfully.
         Current function value: 4.580986
         Iterations: 30
         Function evaluations: 31
         Gradient evaluations: 31
obtained train accuracy of 1.0
diabetes,passive,9,extr,0.00e+00,0.00e+00,3.45e-07,2.43e-07,8.68e-06
diabetes,passive,9,base,1.99e-01,2.82e-01,2.89e-01,3.13e-01,7.17e+01
finding solution of system of 18 equations with 9 unknowns with BFGS
Optimization terminated successfully.
         Current function value: 8.750655
         Iterations: 19
         Function evaluations: 20
         Gradient evaluations: 20
obtained train accuracy of 1.0
diabetes,passive,18,extr,0.00e+00,0.00e+00,1.57e-07,5.33e-08,2.00e-06
diabetes,passive,18,base,8.46e-02,1.23e-01,2.33e-01,2.17e-01,1.70e+02
finding solution of system of 45 equations with 9 unknowns with BFGS
Optimization terminated successfully.
         Current function value: 18.055498
         Iterations: 18
         Function evaluations: 21
         Gradient evaluations: 21
obtained train accuracy of 1.0
diabetes,passive,45,extr,0.00e+00,0.00e+00,2.22e-08,2.95e-08,1.13e-06
diabetes,passive,45,base,7.16e-02,8.44e-02,2.45e-01,2.03e-01,2.68e+02
finding solution of system of 90 equations with 9 unknowns with BFGS
Optimization terminated successfully.
         Current function value: 34.779850
         Iterations: 19
         Function evaluations: 24
         Gradient evaluations: 24
obtained train accuracy of 1.0
diabetes,passive,90,extr,0.00e+00,0.00e+00,1.37e-08,2.03e-08,8.70e-07
diabetes,passive,90,base,2.60e-02,3.31e-02,2.44e-01,1.96e-01,9.55e+02
finding solution of system of 180 equations with 9 unknowns with BFGS
Optimization terminated successfully.
         Current function value: 73.500106
         Iterations: 21
         Function evaluations: 27
         Gradient evaluations: 27
obtained train accuracy of 1.0
diabetes,passive,180,extr,0.00e+00,0.00e+00,4.14e-09,6.02e-09,2.36e-07
diabetes,passive,180,base,1.82e-02,1.99e-02,2.43e-01,1.95e-01,1.79e+03
finding solution of system of 450 equations with 9 unknowns with BFGS
Optimization terminated successfully.
         Current function value: 184.160101
         Iterations: 23
         Function evaluations: 27
         Gradient evaluations: 27
obtained train accuracy of 1.0
diabetes,passive,450,extr,0.00e+00,0.00e+00,7.85e-10,1.40e-09,5.98e-08
diabetes,passive,450,base,1.17e-02,1.06e-02,2.43e-01,1.94e-01,2.37e+03
finding solution of system of 900 equations with 9 unknowns with BFGS
Optimization terminated successfully.
         Current function value: 377.661908
         Iterations: 25
         Function evaluations: 33
         Gradient evaluations: 33
obtained train accuracy of 1.0
diabetes,passive,900,extr,0.00e+00,0.00e+00,1.09e-09,5.53e-10,2.32e-08
diabetes,passive,900,base,9.11e-03,5.96e-03,2.44e-01,1.95e-01,7.19e+03
