training accuracy: 0.768229166667
Counter({1: 564, 0: 204})
dataset,method,budget,mode,loss,loss_u,probas,probas_u,model l1
diabetes,binary,4,extr,2.75e-01,4.28e-01,2.16e-01,2.94e-01,8.34e+00
diabetes,lowd-meek,4,base,7.34e-01,5.06e-01,2.56e-01,3.06e-01,8.47e+00
diabetes,binary,9,extr,0.00e+00,0.00e+00,1.72e-15,1.88e-15,6.96e-14
diabetes,lowd-meek,9,base,7.34e-01,5.06e-01,2.56e-01,3.06e-01,8.47e+00
diabetes,binary,18,extr,0.00e+00,0.00e+00,3.92e-16,2.89e-16,9.50e-15
diabetes,lowd-meek,18,base,7.34e-01,5.06e-01,2.56e-01,3.06e-01,8.47e+00
diabetes,binary,45,extr,0.00e+00,0.00e+00,1.16e-16,1.54e-16,5.50e-15
diabetes,lowd-meek,45,base,7.34e-01,5.06e-01,2.56e-01,3.06e-01,8.47e+00
diabetes,binary,90,extr,0.00e+00,0.00e+00,1.19e-16,1.80e-16,6.38e-15
diabetes,lowd-meek,90,base,2.63e-01,7.27e-02,2.01e-01,1.29e-01,9.88e+00
diabetes,binary,180,extr,0.00e+00,0.00e+00,1.68e-16,2.11e-16,9.60e-15
diabetes,lowd-meek,180,base,1.30e-03,6.70e-04,1.48e-01,1.58e-01,5.55e+00
diabetes,binary,450,extr,0.00e+00,0.00e+00,1.84e-16,1.94e-16,7.83e-15
diabetes,lowd-meek,450,base,0.00e+00,0.00e+00,1.23e-01,1.27e-01,4.80e+00
diabetes,binary,900,extr,0.00e+00,0.00e+00,1.62e-15,1.40e-15,1.84e-14
diabetes,lowd-meek,900,base,0.00e+00,0.00e+00,1.48e-01,1.58e-01,5.55e+00
diabetes,passive,4,extr,1.00e+00,1.00e+00,1.00e+00,1.00e+00,1.00e+00
diabetes,passive,4,base,1.00e+00,1.00e+00,1.00e+00,1.00e+00,1.00e+00
finding solution of system of 9 equations with 9 unknowns with BFGS
Optimization terminated successfully.
         Current function value: 4.020663
         Iterations: 33
         Function evaluations: 34
         Gradient evaluations: 34
obtained train accuracy of 1.0
diabetes,passive,9,extr,0.00e+00,0.00e+00,5.59e-07,3.39e-07,1.26e-05
diabetes,passive,9,base,3.54e-01,2.48e-01,3.38e-01,2.88e-01,6.27e+01
finding solution of system of 18 equations with 9 unknowns with BFGS
Optimization terminated successfully.
         Current function value: 9.450520
         Iterations: 18
         Function evaluations: 19
         Gradient evaluations: 19
obtained train accuracy of 1.0
diabetes,passive,18,extr,0.00e+00,0.00e+00,8.48e-08,1.10e-07,3.46e-06
diabetes,passive,18,base,1.98e-01,1.63e-01,3.00e-01,2.37e-01,1.75e+02
finding solution of system of 45 equations with 9 unknowns with BFGS
Optimization terminated successfully.
         Current function value: 17.831316
         Iterations: 17
         Function evaluations: 20
         Gradient evaluations: 20
obtained train accuracy of 1.0
diabetes,passive,45,extr,0.00e+00,0.00e+00,5.41e-08,6.63e-08,2.82e-06
diabetes,passive,45,base,2.47e-02,4.09e-02,2.44e-01,1.97e-01,1.23e+03
finding solution of system of 90 equations with 9 unknowns with BFGS
Optimization terminated successfully.
         Current function value: 37.569192
         Iterations: 22
         Function evaluations: 25
         Gradient evaluations: 25
obtained train accuracy of 1.0
diabetes,passive,90,extr,0.00e+00,0.00e+00,2.46e-09,4.79e-09,2.05e-07
diabetes,passive,90,base,4.43e-02,4.93e-02,2.45e-01,1.98e-01,9.88e+02
finding solution of system of 180 equations with 9 unknowns with BFGS
Optimization terminated successfully.
         Current function value: 69.256528
         Iterations: 21
         Function evaluations: 27
         Gradient evaluations: 27
obtained train accuracy of 1.0
diabetes,passive,180,extr,0.00e+00,0.00e+00,1.81e-08,7.61e-09,3.36e-07
diabetes,passive,180,base,2.08e-02,2.57e-02,2.44e-01,1.95e-01,1.40e+03
finding solution of system of 450 equations with 9 unknowns with BFGS
Optimization terminated successfully.
         Current function value: 180.399019
         Iterations: 24
         Function evaluations: 29
         Gradient evaluations: 29
obtained train accuracy of 1.0
diabetes,passive,450,extr,0.00e+00,0.00e+00,1.26e-09,8.33e-10,3.35e-08
diabetes,passive,450,base,2.60e-03,3.59e-03,2.43e-01,1.94e-01,7.47e+03
finding solution of system of 900 equations with 9 unknowns with BFGS
Optimization terminated successfully.
         Current function value: 369.600496
         Iterations: 26
         Function evaluations: 35
         Gradient evaluations: 35
obtained train accuracy of 1.0
diabetes,passive,900,extr,0.00e+00,0.00e+00,3.09e-10,4.70e-10,1.76e-08
diabetes,passive,900,base,6.51e-03,1.90e-03,2.44e-01,1.94e-01,1.49e+04
