training accuracy: 0.768229166667
Counter({1: 564, 0: 204})
dataset,method,budget,mode,loss,loss_u,probas,probas_u,model l1
diabetes,binary,4,extr,2.29e-01,2.77e-01,1.82e-01,2.14e-01,6.66e+00
diabetes,lowd-meek,4,base,7.34e-01,5.04e-01,2.56e-01,3.06e-01,8.47e+00
diabetes,binary,9,extr,0.00e+00,0.00e+00,3.66e-16,3.02e-16,1.10e-14
diabetes,lowd-meek,9,base,7.34e-01,5.04e-01,2.56e-01,3.06e-01,8.47e+00
diabetes,binary,18,extr,0.00e+00,0.00e+00,1.18e-15,6.52e-16,2.91e-14
diabetes,lowd-meek,18,base,7.34e-01,5.04e-01,2.56e-01,3.06e-01,8.47e+00
diabetes,binary,45,extr,0.00e+00,0.00e+00,2.96e-16,3.00e-16,9.61e-15
diabetes,lowd-meek,45,base,7.34e-01,5.04e-01,2.56e-01,3.06e-01,8.47e+00
diabetes,binary,90,extr,0.00e+00,0.00e+00,5.17e-16,7.84e-16,2.84e-14
diabetes,lowd-meek,90,base,7.34e-01,5.04e-01,2.56e-01,3.06e-01,8.47e+00
diabetes,binary,180,extr,0.00e+00,0.00e+00,1.25e-16,1.71e-16,5.94e-15
diabetes,lowd-meek,180,base,1.30e-03,6.70e-04,1.48e-01,1.58e-01,5.55e+00
diabetes,binary,450,extr,0.00e+00,0.00e+00,2.88e-16,4.98e-16,1.93e-14
diabetes,lowd-meek,450,base,0.00e+00,0.00e+00,1.48e-01,1.58e-01,5.55e+00
diabetes,binary,900,extr,0.00e+00,0.00e+00,1.67e-16,1.80e-16,6.08e-15
diabetes,lowd-meek,900,base,0.00e+00,0.00e+00,1.48e-01,1.58e-01,5.55e+00
diabetes,passive,4,extr,1.00e+00,1.00e+00,1.00e+00,1.00e+00,1.00e+00
diabetes,passive,4,base,1.00e+00,1.00e+00,1.00e+00,1.00e+00,1.00e+00
finding solution of system of 9 equations with 9 unknowns with BFGS
Optimization terminated successfully.
         Current function value: 2.754019
         Iterations: 51
         Function evaluations: 52
         Gradient evaluations: 52
obtained train accuracy of 1.0
diabetes,passive,9,extr,1.30e-03,5.00e-05,1.26e-05,1.98e-05,7.71e-04
diabetes,passive,9,base,5.16e-01,2.42e-01,4.63e-01,2.85e-01,1.11e+02
finding solution of system of 18 equations with 9 unknowns with BFGS
Optimization terminated successfully.
         Current function value: 8.964305
         Iterations: 17
         Function evaluations: 19
         Gradient evaluations: 19
obtained train accuracy of 1.0
diabetes,passive,18,extr,0.00e+00,0.00e+00,3.26e-08,1.82e-08,9.42e-07
diabetes,passive,18,base,1.52e-01,2.01e-01,2.81e-01,2.60e-01,1.48e+02
finding solution of system of 45 equations with 9 unknowns with BFGS
Optimization terminated successfully.
         Current function value: 20.122388
         Iterations: 16
         Function evaluations: 17
         Gradient evaluations: 17
obtained train accuracy of 1.0
diabetes,passive,45,extr,0.00e+00,0.00e+00,2.42e-08,2.33e-08,9.07e-07
diabetes,passive,45,base,3.12e-02,3.32e-02,2.42e-01,1.94e-01,8.33e+02
finding solution of system of 90 equations with 9 unknowns with BFGS
Optimization terminated successfully.
         Current function value: 39.922149
         Iterations: 19
         Function evaluations: 23
         Gradient evaluations: 23
obtained train accuracy of 1.0
diabetes,passive,90,extr,0.00e+00,0.00e+00,3.11e-09,4.15e-09,1.86e-07
diabetes,passive,90,base,5.21e-02,4.05e-02,2.46e-01,1.95e-01,6.42e+02
finding solution of system of 180 equations with 9 unknowns with BFGS
Optimization terminated successfully.
         Current function value: 76.484993
         Iterations: 21
         Function evaluations: 26
         Gradient evaluations: 26
obtained train accuracy of 1.0
diabetes,passive,180,extr,0.00e+00,0.00e+00,5.86e-09,4.50e-09,1.68e-07
diabetes,passive,180,base,1.04e-02,1.20e-02,2.43e-01,1.93e-01,2.30e+03
finding solution of system of 450 equations with 9 unknowns with BFGS
Optimization terminated successfully.
         Current function value: 184.704778
         Iterations: 25
         Function evaluations: 29
         Gradient evaluations: 29
obtained train accuracy of 1.0
diabetes,passive,450,extr,0.00e+00,0.00e+00,3.81e-09,4.43e-09,1.65e-07
diabetes,passive,450,base,7.81e-03,8.20e-03,2.44e-01,1.94e-01,5.11e+03
finding solution of system of 900 equations with 9 unknowns with BFGS
Optimization terminated successfully.
         Current function value: 365.527292
         Iterations: 24
         Function evaluations: 31
         Gradient evaluations: 31
obtained train accuracy of 1.0
diabetes,passive,900,extr,0.00e+00,0.00e+00,3.04e-09,2.33e-09,9.71e-08
diabetes,passive,900,base,3.91e-03,3.96e-03,2.44e-01,1.94e-01,1.91e+04
