training accuracy: 0.8566
Counter({1: 2509, 0: 2491})
dataset,method,budget,mode,loss,loss_u,probas,probas_u,model l1
moons,binary,1,extr,5.02e-01,4.88e-01,4.20e-01,4.09e-01,9.37e+00
moons,lowd-meek,1,base,5.02e-01,4.88e-01,3.61e-01,3.82e-01,8.81e+00
moons,binary,3,extr,0.00e+00,0.00e+00,3.22e-15,4.95e-15,1.38e-13
moons,lowd-meek,3,base,5.02e-01,4.88e-01,3.61e-01,3.82e-01,8.81e+00
moons,binary,6,extr,0.00e+00,0.00e+00,3.43e-16,3.36e-16,1.78e-14
moons,lowd-meek,6,base,5.02e-01,4.88e-01,3.61e-01,3.82e-01,8.81e+00
moons,binary,15,extr,0.00e+00,0.00e+00,8.58e-17,7.03e-17,5.08e-15
moons,lowd-meek,15,base,5.02e-01,4.88e-01,3.61e-01,3.82e-01,8.81e+00
moons,binary,30,extr,0.00e+00,0.00e+00,1.55e-16,1.32e-16,6.02e-15
moons,lowd-meek,30,base,1.16e-02,9.96e-03,2.59e-01,2.54e-01,7.32e+00
moons,binary,60,extr,0.00e+00,0.00e+00,7.05e-17,7.94e-17,3.30e-15
moons,lowd-meek,60,base,0.00e+00,0.00e+00,2.59e-01,2.54e-01,7.30e+00
moons,binary,150,extr,0.00e+00,0.00e+00,7.39e-17,7.66e-17,2.47e-15
moons,lowd-meek,150,base,0.00e+00,0.00e+00,2.59e-01,2.54e-01,7.30e+00
moons,binary,300,extr,0.00e+00,0.00e+00,2.05e-16,1.69e-16,1.00e-14
moons,lowd-meek,300,base,0.00e+00,0.00e+00,2.59e-01,2.54e-01,7.30e+00
moons,passive,1,extr,1.00e+00,1.00e+00,1.00e+00,1.00e+00,1.00e+00
moons,passive,1,base,1.00e+00,1.00e+00,1.00e+00,1.00e+00,1.00e+00
moons,passive,3,extr,1.00e+00,1.00e+00,1.00e+00,1.00e+00,1.00e+00
moons,passive,3,base,1.00e+00,1.00e+00,1.00e+00,1.00e+00,1.00e+00
finding solution of system of 6 equations with 3 unknowns with BFGS
Optimization terminated successfully.
         Current function value: 1.412680
         Iterations: 17
         Function evaluations: 18
         Gradient evaluations: 18
obtained train accuracy of 1.0
moons,passive,6,extr,0.00e+00,0.00e+00,7.15e-08,7.41e-08,3.61e-06
moons,passive,6,base,7.28e-02,6.42e-02,1.39e-01,1.20e-01,7.89e+01
finding solution of system of 15 equations with 3 unknowns with BFGS
Optimization terminated successfully.
         Current function value: 4.634841
         Iterations: 13
         Function evaluations: 14
         Gradient evaluations: 14
obtained train accuracy of 1.0
moons,passive,15,extr,0.00e+00,0.00e+00,2.93e-08,2.45e-08,1.72e-06
moons,passive,15,base,5.32e-02,4.80e-02,1.42e-01,1.23e-01,1.85e+02
finding solution of system of 30 equations with 3 unknowns with BFGS
Optimization terminated successfully.
         Current function value: 7.045966
         Iterations: 13
         Function evaluations: 15
         Gradient evaluations: 15
obtained train accuracy of 1.0
moons,passive,30,extr,0.00e+00,0.00e+00,3.90e-08,4.53e-08,1.30e-06
moons,passive,30,base,2.08e-02,2.51e-02,1.38e-01,1.18e-01,4.47e+02
finding solution of system of 60 equations with 3 unknowns with BFGS
Optimization terminated successfully.
         Current function value: 19.184188
         Iterations: 15
         Function evaluations: 16
         Gradient evaluations: 16
obtained train accuracy of 1.0
moons,passive,60,extr,0.00e+00,0.00e+00,3.31e-09,3.14e-09,2.18e-07
moons,passive,60,base,2.16e-02,2.67e-02,1.38e-01,1.19e-01,5.29e+02
finding solution of system of 150 equations with 3 unknowns with BFGS
Optimization terminated successfully.
         Current function value: 39.996260
         Iterations: 19
         Function evaluations: 21
         Gradient evaluations: 21
obtained train accuracy of 1.0
moons,passive,150,extr,0.00e+00,0.00e+00,6.17e-10,9.15e-10,3.36e-08
moons,passive,150,base,4.20e-03,3.79e-03,1.38e-01,1.18e-01,2.74e+03
finding solution of system of 300 equations with 3 unknowns with BFGS
Optimization terminated successfully.
         Current function value: 86.699405
         Iterations: 20
         Function evaluations: 22
         Gradient evaluations: 22
obtained train accuracy of 1.0
moons,passive,300,extr,0.00e+00,0.00e+00,1.24e-10,1.10e-10,3.67e-09
moons,passive,300,base,3.60e-03,2.59e-03,1.39e-01,1.18e-01,4.58e+03
