training accuracy: 1.0
Counter({1: 4208, 0: 3916})
dataset,method,budget,mode,loss,loss_u,probas,probas_u,model l1
mushrooms,binary,56,extr,3.07e-01,3.15e-01,2.97e-01,2.81e-01,5.05e+01
mushrooms,lowd-meek,56,base,5.18e-01,5.00e-01,4.98e-01,3.82e-01,5.05e+01
mushrooms,binary,113,extr,0.00e+00,0.00e+00,4.61e-15,1.69e-13,3.79e-11
mushrooms,lowd-meek,113,base,5.18e-01,5.00e-01,4.98e-01,3.82e-01,5.05e+01
mushrooms,binary,226,extr,0.00e+00,0.00e+00,2.03e-15,2.84e-14,6.14e-12
mushrooms,lowd-meek,226,base,5.18e-01,5.00e-01,4.98e-01,3.82e-01,5.05e+01
mushrooms,binary,565,extr,0.00e+00,0.00e+00,1.85e-15,6.03e-14,1.41e-11
mushrooms,lowd-meek,565,base,5.18e-01,5.00e-01,4.98e-01,3.82e-01,5.05e+01
mushrooms,binary,1130,extr,0.00e+00,0.00e+00,3.44e-14,1.01e-12,2.50e-10
mushrooms,lowd-meek,1130,base,5.18e-01,5.00e-01,4.98e-01,3.82e-01,5.05e+01
mushrooms,binary,2260,extr,0.00e+00,0.00e+00,2.32e-15,5.58e-14,1.36e-11
mushrooms,lowd-meek,2260,base,2.46e-04,5.66e-02,5.00e-02,1.31e-01,3.13e+01
mushrooms,binary,5650,extr,0.00e+00,0.00e+00,2.01e-15,3.65e-14,8.32e-12
mushrooms,lowd-meek,5650,base,0.00e+00,0.00e+00,3.00e-02,9.72e-02,2.65e+01
mushrooms,binary,11300,extr,0.00e+00,0.00e+00,1.60e-15,5.97e-14,1.42e-11
mushrooms,lowd-meek,11300,base,0.00e+00,0.00e+00,3.37e-02,1.03e-01,2.75e+01
finding solution of system of 56 equations with 113 unknowns with BFGS
Warning: Maximum number of iterations has been exceeded.
         Current function value: 14.271890
         Iterations: 100
         Function evaluations: 104
         Gradient evaluations: 104
obtained train accuracy of 1.0
mushrooms,passive,56,extr,2.86e-01,2.54e-01,3.04e-01,2.30e-01,4.42e+01
mushrooms,passive,56,base,1.94e-01,3.30e-01,1.95e-01,3.32e-01,2.50e+02
finding solution of system of 113 equations with 113 unknowns with BFGS
Warning: Maximum number of iterations has been exceeded.
         Current function value: 28.427508
         Iterations: 100
         Function evaluations: 105
         Gradient evaluations: 105
obtained train accuracy of 1.0
mushrooms,passive,113,extr,0.00e+00,1.04e-01,4.83e-03,9.55e-02,1.93e+01
mushrooms,passive,113,base,1.72e-01,2.55e-01,1.72e-01,2.68e-01,3.80e+02
finding solution of system of 226 equations with 113 unknowns with BFGS
Optimization terminated successfully.
         Current function value: 61.238823
         Iterations: 96
         Function evaluations: 103
         Gradient evaluations: 103
obtained train accuracy of 1.0
mushrooms,passive,226,extr,0.00e+00,0.00e+00,7.68e-09,1.56e-07,3.35e-05
mushrooms,passive,226,base,5.66e-03,1.58e-01,7.48e-03,1.88e-01,5.40e+02
finding solution of system of 565 equations with 113 unknowns with BFGS
Optimization terminated successfully.
         Current function value: 155.763543
         Iterations: 96
         Function evaluations: 116
         Gradient evaluations: 116
obtained train accuracy of 1.0
mushrooms,passive,565,extr,0.00e+00,0.00e+00,9.22e-10,1.67e-08,3.65e-06
mushrooms,passive,565,base,7.39e-04,8.38e-02,2.87e-03,1.41e-01,1.45e+03
finding solution of system of 1130 equations with 113 unknowns with BFGS
Warning: Maximum number of iterations has been exceeded.
         Current function value: 299.878496
         Iterations: 100
         Function evaluations: 129
         Gradient evaluations: 129
obtained train accuracy of 1.0
mushrooms,passive,1130,extr,0.00e+00,0.00e+00,2.34e-08,3.47e-07,7.92e-05
mushrooms,passive,1130,base,2.46e-04,4.58e-02,2.44e-03,1.24e-01,2.63e+03
finding solution of system of 2260 equations with 113 unknowns with BFGS
Warning: Maximum number of iterations has been exceeded.
         Current function value: 595.375950
         Iterations: 100
         Function evaluations: 133
         Gradient evaluations: 133
obtained train accuracy of 1.0
mushrooms,passive,2260,extr,0.00e+00,1.00e-05,8.62e-07,2.53e-05,5.69e-03
mushrooms,passive,2260,base,0.00e+00,2.74e-02,2.22e-03,1.20e-01,5.10e+03
finding solution of system of 5650 equations with 113 unknowns with BFGS
Warning: Maximum number of iterations has been exceeded.
         Current function value: 1557.487205
         Iterations: 100
         Function evaluations: 169
         Gradient evaluations: 169
obtained train accuracy of 1.0
mushrooms,passive,5650,extr,0.00e+00,0.00e+00,3.57e-07,9.35e-06,2.19e-03
mushrooms,passive,5650,base,0.00e+00,8.88e-03,2.22e-03,1.18e-01,1.75e+04
finding solution of system of 11300 equations with 113 unknowns with BFGS
Warning: Maximum number of iterations has been exceeded.
         Current function value: 3042.603876
         Iterations: 100
         Function evaluations: 165
         Gradient evaluations: 165
obtained train accuracy of 0.999380530973
mushrooms,passive,11300,extr,0.00e+00,2.10e-04,2.03e-05,2.42e-04,6.52e-02
mushrooms,passive,11300,base,0.00e+00,5.16e-03,2.22e-03,1.17e-01,2.82e+04
