training accuracy: 1.0
Counter({1: 4208, 0: 3916})
dataset,method,budget,mode,loss,loss_u,probas,probas_u,model l1
mushrooms,binary,56,extr,1.56e-01,3.07e-01,1.85e-01,2.75e-01,5.04e+01
mushrooms,lowd-meek,56,base,5.18e-01,4.98e-01,4.98e-01,3.83e-01,5.05e+01
mushrooms,binary,113,extr,0.00e+00,0.00e+00,9.26e-15,2.60e-13,5.88e-11
mushrooms,lowd-meek,113,base,5.18e-01,4.98e-01,4.98e-01,3.83e-01,5.05e+01
mushrooms,binary,226,extr,0.00e+00,0.00e+00,5.96e-16,2.23e-14,4.98e-12
mushrooms,lowd-meek,226,base,5.18e-01,4.98e-01,4.98e-01,3.83e-01,5.05e+01
mushrooms,binary,565,extr,0.00e+00,0.00e+00,1.36e-15,3.24e-14,7.61e-12
mushrooms,lowd-meek,565,base,5.18e-01,4.98e-01,4.98e-01,3.83e-01,5.05e+01
mushrooms,binary,1130,extr,0.00e+00,0.00e+00,1.19e-14,4.03e-13,9.18e-11
mushrooms,lowd-meek,1130,base,5.18e-01,4.98e-01,4.98e-01,3.83e-01,5.05e+01
mushrooms,binary,2260,extr,0.00e+00,0.00e+00,4.24e-15,9.19e-14,2.27e-11
mushrooms,lowd-meek,2260,base,2.46e-04,4.47e-02,4.45e-02,1.14e-01,2.93e+01
mushrooms,binary,5650,extr,0.00e+00,0.00e+00,7.78e-16,1.84e-14,4.02e-12
mushrooms,lowd-meek,5650,base,0.00e+00,0.00e+00,3.00e-02,9.74e-02,2.65e+01
mushrooms,binary,11300,extr,0.00e+00,0.00e+00,1.37e-14,4.97e-13,1.27e-10
mushrooms,lowd-meek,11300,base,0.00e+00,0.00e+00,3.81e-02,1.10e-01,2.85e+01
finding solution of system of 56 equations with 113 unknowns with BFGS
Warning: Maximum number of iterations has been exceeded.
         Current function value: 16.419299
         Iterations: 100
         Function evaluations: 104
         Gradient evaluations: 104
obtained train accuracy of 1.0
mushrooms,passive,56,extr,4.97e-02,2.52e-01,8.15e-02,2.31e-01,4.38e+01
mushrooms,passive,56,base,1.39e-01,2.96e-01,1.40e-01,3.00e-01,2.53e+02
finding solution of system of 113 equations with 113 unknowns with BFGS
Warning: Maximum number of iterations has been exceeded.
         Current function value: 31.441261
         Iterations: 100
         Function evaluations: 103
         Gradient evaluations: 103
obtained train accuracy of 1.0
mushrooms,passive,113,extr,1.97e-03,1.15e-01,9.20e-03,1.06e-01,2.30e+01
mushrooms,passive,113,base,5.66e-02,2.37e-01,5.77e-02,2.53e-01,4.55e+02
finding solution of system of 226 equations with 113 unknowns with BFGS
Optimization terminated successfully.
         Current function value: 62.085816
         Iterations: 89
         Function evaluations: 99
         Gradient evaluations: 99
obtained train accuracy of 1.0
mushrooms,passive,226,extr,0.00e+00,0.00e+00,8.92e-09,1.22e-07,2.69e-05
mushrooms,passive,226,base,1.02e-02,1.70e-01,1.19e-02,1.98e-01,5.61e+02
finding solution of system of 565 equations with 113 unknowns with BFGS
Warning: Maximum number of iterations has been exceeded.
         Current function value: 146.964079
         Iterations: 100
         Function evaluations: 113
         Gradient evaluations: 113
obtained train accuracy of 1.0
mushrooms,passive,565,extr,0.00e+00,0.00e+00,5.95e-10,2.26e-08,5.07e-06
mushrooms,passive,565,base,1.23e-04,1.02e-01,2.23e-03,1.52e-01,1.36e+03
finding solution of system of 1130 equations with 113 unknowns with BFGS
Warning: Maximum number of iterations has been exceeded.
         Current function value: 296.988027
         Iterations: 100
         Function evaluations: 135
         Gradient evaluations: 135
obtained train accuracy of 1.0
mushrooms,passive,1130,extr,0.00e+00,0.00e+00,1.57e-08,2.41e-07,5.32e-05
mushrooms,passive,1130,base,0.00e+00,4.25e-02,2.22e-03,1.23e-01,3.00e+03
finding solution of system of 2260 equations with 113 unknowns with BFGS
Warning: Maximum number of iterations has been exceeded.
         Current function value: 594.517286
         Iterations: 100
         Function evaluations: 133
         Gradient evaluations: 133
obtained train accuracy of 1.0
mushrooms,passive,2260,extr,0.00e+00,3.00e-05,3.39e-06,3.18e-05,7.06e-03
mushrooms,passive,2260,base,0.00e+00,2.30e-02,2.22e-03,1.19e-01,5.36e+03
finding solution of system of 5650 equations with 113 unknowns with BFGS
Warning: Maximum number of iterations has been exceeded.
         Current function value: 1509.505105
         Iterations: 100
         Function evaluations: 165
         Gradient evaluations: 165
obtained train accuracy of 1.0
mushrooms,passive,5650,extr,0.00e+00,0.00e+00,1.23e-07,4.19e-06,9.08e-04
mushrooms,passive,5650,base,0.00e+00,8.04e-03,2.22e-03,1.17e-01,1.42e+04
finding solution of system of 11300 equations with 113 unknowns with BFGS
Warning: Maximum number of iterations has been exceeded.
         Current function value: 3064.442271
         Iterations: 100
         Function evaluations: 169
         Gradient evaluations: 169
obtained train accuracy of 1.0
mushrooms,passive,11300,extr,0.00e+00,1.60e-04,7.82e-06,1.46e-04,3.89e-02
mushrooms,passive,11300,base,0.00e+00,4.43e-03,2.22e-03,1.17e-01,2.82e+04
