training accuracy: 0.876499733836
Counter({4: 47287, 1: 1015, 2: 529, 3: 11})
dataset,method,budget,mode,loss,loss_u,probas,probas_u,model l1
finding solution of system of 265 equations with 530 unknowns with BFGS
Warning: Maximum number of iterations has been exceeded.
         Current function value: 178.951257
         Iterations: 100
         Function evaluations: 101
         Gradient evaluations: 101
obtained train accuracy of 1.0
adult,passive,265,extr,0.00e+00,0.00e+00,7.14e-07,1.37e-06,5.96e-04
adult,passive,265,base,3.22e-01,3.47e-01,9.78e-01,8.72e-01,1.75e+03
finding solution of system of 530 equations with 530 unknowns with BFGS
Warning: Maximum number of iterations has been exceeded.
         Current function value: 367.656248
         Iterations: 100
         Function evaluations: 101
         Gradient evaluations: 101
obtained train accuracy of 1.0
adult,passive,530,extr,0.00e+00,0.00e+00,1.06e-06,2.03e-06,9.92e-04
adult,passive,530,base,4.99e-01,2.57e-01,9.84e-01,8.91e-01,2.95e+03
finding solution of system of 1060 equations with 530 unknowns with BFGS
Warning: Maximum number of iterations has been exceeded.
         Current function value: 751.094618
         Iterations: 100
         Function evaluations: 114
         Gradient evaluations: 114
obtained train accuracy of 1.0
adult,passive,1060,extr,0.00e+00,4.00e-05,3.60e-05,2.72e-05,1.55e-02
adult,passive,1060,base,5.01e-02,1.55e-01,9.84e-01,8.91e-01,5.92e+03
finding solution of system of 2650 equations with 530 unknowns with BFGS
Warning: Maximum number of iterations has been exceeded.
         Current function value: 1870.239873
         Iterations: 100
         Function evaluations: 127
         Gradient evaluations: 127
obtained train accuracy of 0.999245283019
adult,passive,2650,extr,8.19e-05,5.20e-04,3.21e-04,6.61e-04,3.80e-01
adult,passive,2650,base,6.35e-03,7.68e-02,9.85e-01,9.01e-01,1.12e+04
finding solution of system of 5300 equations with 530 unknowns with BFGS
Warning: Maximum number of iterations has been exceeded.
         Current function value: 3678.347135
         Iterations: 100
         Function evaluations: 141
         Gradient evaluations: 141
obtained train accuracy of 0.999245283019
adult,passive,5300,extr,1.64e-04,6.40e-04,5.41e-04,6.31e-04,3.67e-01
adult,passive,5300,base,5.18e-03,4.28e-02,9.85e-01,9.02e-01,2.61e+04
finding solution of system of 10600 equations with 530 unknowns with BFGS
Warning: Maximum number of iterations has been exceeded.
         Current function value: 7415.764145
         Iterations: 100
         Function evaluations: 151
         Gradient evaluations: 151
obtained train accuracy of 0.998867924528
adult,passive,10600,extr,4.91e-04,1.40e-03,1.46e-03,1.37e-03,7.77e-01
adult,passive,10600,base,2.27e-03,1.90e-02,9.86e-01,9.03e-01,4.65e+04
finding solution of system of 26500 equations with 530 unknowns with BFGS
Warning: Maximum number of iterations has been exceeded.
         Current function value: 18527.496906
         Iterations: 100
         Function evaluations: 168
         Gradient evaluations: 168
obtained train accuracy of 0.998867924528
adult,passive,26500,extr,1.43e-04,1.02e-03,1.12e-03,9.81e-04,5.73e-01
adult,passive,26500,base,1.80e-03,8.41e-03,9.86e-01,9.04e-01,1.33e+05
finding solution of system of 53000 equations with 530 unknowns with BFGS
Warning: Maximum number of iterations has been exceeded.
         Current function value: 37048.170446
         Iterations: 100
         Function evaluations: 173
         Gradient evaluations: 173
obtained train accuracy of 0.997603773585
adult,passive,53000,extr,4.71e-04,1.96e-03,2.97e-03,1.90e-03,1.05e+00
adult,passive,53000,base,6.96e-04,4.73e-03,9.86e-01,9.04e-01,2.91e+05
