training accuracy: 0.876499733836
Counter({4: 47287, 1: 1015, 2: 529, 3: 11})
dataset,method,budget,mode,loss,loss_u,probas,probas_u,model l1
finding solution of system of 265 equations with 530 unknowns with BFGS
Warning: Maximum number of iterations has been exceeded.
         Current function value: 188.684006
         Iterations: 100
         Function evaluations: 101
         Gradient evaluations: 101
obtained train accuracy of 1.0
adult,passive,265,extr,0.00e+00,0.00e+00,1.59e-06,1.05e-06,4.18e-04
adult,passive,265,base,9.70e-01,3.67e-01,9.49e-01,8.71e-01,1.61e+03
finding solution of system of 530 equations with 530 unknowns with BFGS
Warning: Maximum number of iterations has been exceeded.
         Current function value: 350.438727
         Iterations: 100
         Function evaluations: 101
         Gradient evaluations: 101
obtained train accuracy of 1.0
adult,passive,530,extr,0.00e+00,1.00e-05,1.27e-06,2.30e-06,1.22e-03
adult,passive,530,base,3.08e-02,2.79e-01,9.84e-01,8.93e-01,3.10e+03
finding solution of system of 1060 equations with 530 unknowns with BFGS
Warning: Maximum number of iterations has been exceeded.
         Current function value: 747.555203
         Iterations: 100
         Function evaluations: 119
         Gradient evaluations: 119
obtained train accuracy of 1.0
adult,passive,1060,extr,0.00e+00,1.00e-05,7.24e-06,8.35e-06,4.06e-03
adult,passive,1060,base,1.44e-02,1.55e-01,9.86e-01,8.94e-01,5.28e+03
finding solution of system of 2650 equations with 530 unknowns with BFGS
Warning: Maximum number of iterations has been exceeded.
         Current function value: 1836.158144
         Iterations: 100
         Function evaluations: 123
         Gradient evaluations: 123
obtained train accuracy of 0.998490566038
adult,passive,2650,extr,8.19e-05,1.00e-03,3.86e-04,9.43e-04,5.46e-01
adult,passive,2650,base,4.85e-03,7.25e-02,9.86e-01,9.02e-01,1.31e+04
finding solution of system of 5300 equations with 530 unknowns with BFGS
Warning: Maximum number of iterations has been exceeded.
         Current function value: 3687.563794
         Iterations: 100
         Function evaluations: 135
         Gradient evaluations: 135
obtained train accuracy of 0.998490566038
adult,passive,5300,extr,4.09e-04,1.67e-03,2.07e-03,1.52e-03,8.54e-01
adult,passive,5300,base,6.12e-03,4.06e-02,9.86e-01,9.03e-01,2.51e+04
finding solution of system of 10600 equations with 530 unknowns with BFGS
Warning: Maximum number of iterations has been exceeded.
         Current function value: 7352.036594
         Iterations: 100
         Function evaluations: 155
         Gradient evaluations: 155
obtained train accuracy of 0.999245283019
adult,passive,10600,extr,1.23e-04,8.60e-04,6.05e-04,9.49e-04,5.48e-01
adult,passive,10600,base,3.77e-03,2.34e-02,9.86e-01,9.04e-01,4.56e+04
finding solution of system of 26500 equations with 530 unknowns with BFGS
Warning: Maximum number of iterations has been exceeded.
         Current function value: 18672.634089
         Iterations: 100
         Function evaluations: 168
         Gradient evaluations: 168
obtained train accuracy of 0.998377358491
adult,passive,26500,extr,1.43e-04,1.40e-03,9.49e-04,1.36e-03,7.75e-01
adult,passive,26500,base,4.79e-03,8.81e-03,9.86e-01,9.04e-01,1.47e+05
finding solution of system of 53000 equations with 530 unknowns with BFGS
Warning: Maximum number of iterations has been exceeded.
         Current function value: 37260.178976
         Iterations: 100
         Function evaluations: 174
         Gradient evaluations: 174
obtained train accuracy of 0.998622641509
adult,passive,53000,extr,8.19e-05,1.47e-03,1.14e-03,1.48e-03,8.60e-01
adult,passive,53000,base,1.47e-03,5.27e-03,9.86e-01,9.04e-01,3.51e+05
