training accuracy: 0.9992
Counter({2: 1668, 1: 1667, 0: 1665})
dataset,method,budget,mode,loss,loss_u,probas,probas_u,model l1
blobs,passive,4,extr,1.00e+00,1.00e+00,1.00e+00,1.00e+00,1.00e+00
blobs,passive,4,base,1.00e+00,1.00e+00,1.00e+00,1.00e+00,1.00e+00
finding solution of system of 9 equations with 9 unknowns with BFGS
Optimization terminated successfully.
         Current function value: 2.547684
         Iterations: 46
         Function evaluations: 47
         Gradient evaluations: 47
obtained train accuracy of 1.0
blobs,passive,9,extr,0.00e+00,0.00e+00,2.52e-08,2.46e-07,2.81e-05
blobs,passive,9,base,3.40e-03,3.41e-02,9.89e-01,9.37e-01,1.94e+02
finding solution of system of 18 equations with 9 unknowns with BFGS
Optimization terminated successfully.
         Current function value: 4.122830
         Iterations: 29
         Function evaluations: 30
         Gradient evaluations: 30
obtained train accuracy of 1.0
blobs,passive,18,extr,0.00e+00,0.00e+00,7.24e-09,3.03e-08,5.86e-06
blobs,passive,18,base,1.80e-03,2.97e-02,9.92e-01,9.62e-01,1.05e+03
finding solution of system of 45 equations with 9 unknowns with BFGS
Optimization terminated successfully.
         Current function value: 9.906381
         Iterations: 31
         Function evaluations: 32
         Gradient evaluations: 32
obtained train accuracy of 1.0
blobs,passive,45,extr,0.00e+00,0.00e+00,5.70e-09,1.83e-08,4.46e-06
blobs,passive,45,base,3.60e-03,4.36e-02,9.93e-01,9.51e-01,1.19e+03
finding solution of system of 90 equations with 9 unknowns with BFGS
Optimization terminated successfully.
         Current function value: 19.893161
         Iterations: 31
         Function evaluations: 35
         Gradient evaluations: 35
obtained train accuracy of 1.0
blobs,passive,90,extr,0.00e+00,0.00e+00,6.99e-09,1.58e-08,6.02e-06
blobs,passive,90,base,4.80e-03,4.95e-02,9.92e-01,9.40e-01,1.32e+03
finding solution of system of 180 equations with 9 unknowns with BFGS
Optimization terminated successfully.
         Current function value: 36.885042
         Iterations: 36
         Function evaluations: 39
         Gradient evaluations: 39
obtained train accuracy of 1.0
blobs,passive,180,extr,0.00e+00,0.00e+00,3.74e-10,1.95e-09,4.02e-07
blobs,passive,180,base,2.00e-04,1.31e-02,9.91e-01,9.51e-01,2.91e+03
finding solution of system of 450 equations with 9 unknowns with BFGS
Optimization terminated successfully.
         Current function value: 94.426821
         Iterations: 38
         Function evaluations: 42
         Gradient evaluations: 42
obtained train accuracy of 1.0
blobs,passive,450,extr,0.00e+00,0.00e+00,1.91e-10,1.21e-09,1.54e-07
blobs,passive,450,base,2.00e-04,5.93e-03,9.91e-01,9.57e-01,8.36e+03
finding solution of system of 900 equations with 9 unknowns with BFGS
Optimization terminated successfully.
         Current function value: 207.525640
         Iterations: 39
         Function evaluations: 42
         Gradient evaluations: 42
obtained train accuracy of 1.0
blobs,passive,900,extr,0.00e+00,0.00e+00,6.85e-11,1.77e-10,6.66e-08
blobs,passive,900,base,0.00e+00,1.50e-03,9.92e-01,9.56e-01,1.82e+04
