training accuracy: 0.623
Counter({1: 235, 0: 204, 4: 201, 3: 192, 2: 168})
dataset,method,budget,mode,loss,loss_u,probas,probas_u,model l1
finding solution of system of 52 equations with 105 unknowns with BFGS
Optimization terminated successfully.
         Current function value: 43.150251
         Iterations: 63
         Function evaluations: 69
         Gradient evaluations: 69
obtained train accuracy of 1.0
class5,passive,52,extr,0.00e+00,0.00e+00,5.93e-07,7.43e-07,1.37e-04
class5,passive,52,base,4.02e-01,4.07e-01,7.39e-01,7.92e-01,6.92e+02
finding solution of system of 105 equations with 105 unknowns with BFGS
Optimization terminated successfully.
         Current function value: 83.751366
         Iterations: 57
         Function evaluations: 74
         Gradient evaluations: 74
obtained train accuracy of 1.0
class5,passive,105,extr,0.00e+00,0.00e+00,1.04e-07,1.18e-07,3.43e-05
class5,passive,105,base,2.98e-01,2.81e-01,7.52e-01,8.11e-01,1.49e+03
finding solution of system of 210 equations with 105 unknowns with BFGS
Optimization terminated successfully.
         Current function value: 166.001316
         Iterations: 67
         Function evaluations: 83
         Gradient evaluations: 83
obtained train accuracy of 1.0
class5,passive,210,extr,0.00e+00,0.00e+00,1.67e-08,2.36e-08,4.64e-06
class5,passive,210,base,1.94e-01,1.67e-01,7.88e-01,8.33e-01,2.18e+03
finding solution of system of 525 equations with 105 unknowns with BFGS
Optimization terminated successfully.
         Current function value: 409.818244
         Iterations: 82
         Function evaluations: 111
         Gradient evaluations: 111
obtained train accuracy of 1.0
class5,passive,525,extr,0.00e+00,0.00e+00,9.48e-09,1.15e-08,2.34e-06
class5,passive,525,base,1.07e-01,8.50e-02,7.77e-01,8.20e-01,5.20e+03
finding solution of system of 1050 equations with 105 unknowns with BFGS
Warning: Maximum number of iterations has been exceeded.
         Current function value: 817.435904
         Iterations: 100
         Function evaluations: 132
         Gradient evaluations: 132
obtained train accuracy of 1.0
class5,passive,1050,extr,0.00e+00,0.00e+00,2.09e-07,2.67e-07,6.17e-05
class5,passive,1050,base,4.70e-02,4.39e-02,7.81e-01,8.24e-01,1.54e+04
finding solution of system of 2100 equations with 105 unknowns with BFGS
Warning: Maximum number of iterations has been exceeded.
         Current function value: 1623.007973
         Iterations: 100
         Function evaluations: 134
         Gradient evaluations: 134
obtained train accuracy of 0.999523809524
class5,passive,2100,extr,0.00e+00,1.50e-04,1.80e-04,1.41e-04,3.81e-02
class5,passive,2100,base,3.50e-02,2.49e-02,7.80e-01,8.25e-01,3.19e+04
finding solution of system of 5250 equations with 105 unknowns with BFGS
Warning: Maximum number of iterations has been exceeded.
         Current function value: 4046.465895
         Iterations: 100
         Function evaluations: 159
         Gradient evaluations: 159
obtained train accuracy of 1.0
class5,passive,5250,extr,1.00e-03,1.00e-04,8.87e-05,8.76e-05,2.52e-02
class5,passive,5250,base,1.20e-02,8.78e-03,7.82e-01,8.26e-01,9.52e+04
finding solution of system of 10500 equations with 105 unknowns with BFGS
Warning: Maximum number of iterations has been exceeded.
         Current function value: 8040.470201
         Iterations: 100
         Function evaluations: 161
         Gradient evaluations: 161
obtained train accuracy of 0.998857142857
class5,passive,10500,extr,2.00e-03,1.22e-03,1.39e-03,1.15e-03,4.25e-01
class5,passive,10500,base,7.00e-03,4.63e-03,7.85e-01,8.26e-01,2.44e+05
