training accuracy: 0.988313856427
Counter({1: 183, 3: 182, 4: 182, 6: 182, 5: 181, 9: 181, 0: 178, 7: 178, 2: 177, 8: 173})
dataset,method,budget,mode,loss,loss_u,probas,probas_u,model l1
finding solution of system of 325 equations with 650 unknowns with BFGS
Warning: Maximum number of iterations has been exceeded.
         Current function value: 284.470892
         Iterations: 100
         Function evaluations: 104
         Gradient evaluations: 104
obtained train accuracy of 1.0
digits,passive,325,extr,0.00e+00,2.00e-05,1.47e-05,1.79e-05,2.05e-02
digits,passive,325,base,4.28e-01,3.18e-01,8.97e-01,5.66e-01,2.60e+02
finding solution of system of 650 equations with 650 unknowns with BFGS
Warning: Maximum number of iterations has been exceeded.
         Current function value: 556.208208
         Iterations: 100
         Function evaluations: 104
         Gradient evaluations: 104
obtained train accuracy of 1.0
digits,passive,650,extr,0.00e+00,0.00e+00,8.56e-06,1.26e-05,1.43e-02
digits,passive,650,base,1.71e-01,2.55e-01,8.96e-01,9.25e-01,5.87e+03
finding solution of system of 1300 equations with 650 unknowns with BFGS
Warning: Maximum number of iterations has been exceeded.
         Current function value: 1165.103011
         Iterations: 100
         Function evaluations: 103
         Gradient evaluations: 103
obtained train accuracy of 1.0
digits,passive,1300,extr,0.00e+00,2.60e-04,1.72e-04,2.82e-04,3.74e-01
digits,passive,1300,base,1.17e-01,1.50e-01,9.02e-01,9.29e-01,1.30e+04
finding solution of system of 3250 equations with 650 unknowns with BFGS
Warning: Maximum number of iterations has been exceeded.
         Current function value: 2885.987153
         Iterations: 100
         Function evaluations: 108
         Gradient evaluations: 108
obtained train accuracy of 0.997538461538
digits,passive,3250,extr,1.11e-03,2.73e-03,2.33e-03,2.88e-03,4.67e+00
digits,passive,3250,base,3.17e-02,8.30e-02,9.02e-01,9.28e-01,2.58e+04
finding solution of system of 6500 equations with 650 unknowns with BFGS
Warning: Maximum number of iterations has been exceeded.
         Current function value: 5783.858275
         Iterations: 100
         Function evaluations: 115
         Gradient evaluations: 115
obtained train accuracy of 0.994769230769
digits,passive,6500,extr,1.11e-03,6.85e-03,7.10e-03,8.02e-03,1.06e+01
digits,passive,6500,base,1.06e-02,5.02e-02,9.02e-01,9.30e-01,5.45e+04
finding solution of system of 13000 equations with 650 unknowns with BFGS
Warning: Maximum number of iterations has been exceeded.
         Current function value: 11532.581665
         Iterations: 100
         Function evaluations: 118
         Gradient evaluations: 118
obtained train accuracy of 0.990923076923
digits,passive,13000,extr,1.11e-03,8.75e-03,8.88e-03,9.72e-03,1.31e+01
digits,passive,13000,base,9.46e-03,3.20e-02,9.01e-01,9.30e-01,2.85e+05
finding solution of system of 32500 equations with 650 unknowns with BFGS
Warning: Maximum number of iterations has been exceeded.
         Current function value: 28823.131869
         Iterations: 100
         Function evaluations: 130
         Gradient evaluations: 130
obtained train accuracy of 0.988307692308
finding solution of system of 32500 equations with 650 unknowns with BFGS
Warning: Maximum number of iterations has been exceeded.
         Current function value: 28823.130198
         Iterations: 100
         Function evaluations: 130
         Gradient evaluations: 130
obtained train accuracy of 0.988307692308
finding solution of system of 32500 equations with 650 unknowns with BFGS
Warning: Maximum number of iterations has been exceeded.
         Current function value: 28823.128828
         Iterations: 100
         Function evaluations: 130
         Gradient evaluations: 130
obtained train accuracy of 0.988307692308
finding solution of system of 32500 equations with 650 unknowns with BFGS
Warning: Maximum number of iterations has been exceeded.
         Current function value: 28823.129664
         Iterations: 100
         Function evaluations: 130
         Gradient evaluations: 130
obtained train accuracy of 0.988307692308
finding solution of system of 32500 equations with 650 unknowns with BFGS
Warning: Maximum number of iterations has been exceeded.
         Current function value: 28823.129992
         Iterations: 100
         Function evaluations: 130
         Gradient evaluations: 130
obtained train accuracy of 0.988307692308
finding solution of system of 32500 equations with 650 unknowns with BFGS
Warning: Maximum number of iterations has been exceeded.
         Current function value: 28823.130185
         Iterations: 100
         Function evaluations: 130
         Gradient evaluations: 130
obtained train accuracy of 0.988307692308
finding solution of system of 32500 equations with 650 unknowns with BFGS
Warning: Maximum number of iterations has been exceeded.
         Current function value: 28823.129826
         Iterations: 100
         Function evaluations: 130
         Gradient evaluations: 130
obtained train accuracy of 0.988307692308
finding solution of system of 32500 equations with 650 unknowns with BFGS
Warning: Maximum number of iterations has been exceeded.
         Current function value: 28823.129888
         Iterations: 100
         Function evaluations: 130
         Gradient evaluations: 130
obtained train accuracy of 0.988307692308
digits,passive,32500,extr,3.34e-03,1.15e-02,1.21e-02,1.32e-02,2.01e+01
digits,passive,32500,base,2.23e-03,1.30e-02,9.01e-01,9.30e-01,4.81e+05
finding solution of system of 65000 equations with 650 unknowns with BFGS
Warning: Maximum number of iterations has been exceeded.
         Current function value: 57958.616294
         Iterations: 100
         Function evaluations: 138
         Gradient evaluations: 138
obtained train accuracy of 0.983723076923
finding solution of system of 65000 equations with 650 unknowns with BFGS
Warning: Maximum number of iterations has been exceeded.
         Current function value: 57958.616773
         Iterations: 100
         Function evaluations: 138
         Gradient evaluations: 138
obtained train accuracy of 0.983723076923
finding solution of system of 65000 equations with 650 unknowns with BFGS
Warning: Maximum number of iterations has been exceeded.
         Current function value: 57958.616758
         Iterations: 100
         Function evaluations: 138
         Gradient evaluations: 138
obtained train accuracy of 0.983723076923
finding solution of system of 65000 equations with 650 unknowns with BFGS
Warning: Maximum number of iterations has been exceeded.
         Current function value: 57958.617011
         Iterations: 100
         Function evaluations: 138
         Gradient evaluations: 138
obtained train accuracy of 0.983723076923
finding solution of system of 65000 equations with 650 unknowns with BFGS
Warning: Maximum number of iterations has been exceeded.
         Current function value: 57958.616733
         Iterations: 100
         Function evaluations: 138
         Gradient evaluations: 138
obtained train accuracy of 0.983723076923
finding solution of system of 65000 equations with 650 unknowns with BFGS
Warning: Maximum number of iterations has been exceeded.
         Current function value: 57958.616461
         Iterations: 100
         Function evaluations: 138
         Gradient evaluations: 138
obtained train accuracy of 0.983723076923
finding solution of system of 65000 equations with 650 unknowns with BFGS
Warning: Maximum number of iterations has been exceeded.
         Current function value: 57958.617930
         Iterations: 100
         Function evaluations: 138
         Gradient evaluations: 138
obtained train accuracy of 0.983723076923
finding solution of system of 65000 equations with 650 unknowns with BFGS
Warning: Maximum number of iterations has been exceeded.
         Current function value: 57958.616071
         Iterations: 100
         Function evaluations: 138
         Gradient evaluations: 138
obtained train accuracy of 0.983723076923
digits,passive,65000,extr,5.56e-03,1.66e-02,1.98e-02,1.81e-02,2.80e+01
digits,passive,65000,base,5.56e-04,5.88e-03,9.01e-01,9.30e-01,8.88e+05
