training accuracy: 0.644075153469
Counter({2: 9547, 1: 6249, 0: 331})
dataset,method,budget,mode,loss,loss_u,probas,probas_u,model l1
finding solution of system of 153 equations with 306 unknowns with BFGS
Optimization terminated successfully.
         Current function value: 142.554822
         Iterations: 76
         Function evaluations: 81
         Gradient evaluations: 81
obtained train accuracy of 1.0
gss,passive,153,extr,0.00e+00,0.00e+00,7.58e-08,1.01e-07,1.34e-05
gss,passive,153,base,7.41e-01,3.36e-01,5.69e-01,7.22e-01,7.44e+02
finding solution of system of 306 equations with 306 unknowns with BFGS
Optimization terminated successfully.
         Current function value: 284.498604
         Iterations: 87
         Function evaluations: 105
         Gradient evaluations: 105
obtained train accuracy of 1.0
gss,passive,306,extr,0.00e+00,0.00e+00,6.24e-08,3.81e-08,5.74e-06
gss,passive,306,base,5.90e-02,2.23e-01,9.20e-01,7.52e-01,1.27e+03
finding solution of system of 612 equations with 306 unknowns with BFGS
Warning: Maximum number of iterations has been exceeded.
         Current function value: 570.386143
         Iterations: 100
         Function evaluations: 133
         Gradient evaluations: 133
obtained train accuracy of 1.0
gss,passive,612,extr,0.00e+00,1.00e-05,1.44e-06,7.14e-07,9.75e-05
gss,passive,612,base,4.15e-02,1.30e-01,9.04e-01,7.72e-01,2.99e+03
finding solution of system of 1530 equations with 306 unknowns with BFGS
Warning: Maximum number of iterations has been exceeded.
         Current function value: 1421.846677
         Iterations: 100
         Function evaluations: 134
         Gradient evaluations: 134
obtained train accuracy of 1.0
gss,passive,1530,extr,3.72e-04,3.00e-04,2.82e-04,1.48e-04,2.23e-02
gss,passive,1530,base,4.64e-02,6.11e-02,9.26e-01,7.77e-01,7.13e+03
finding solution of system of 3060 equations with 306 unknowns with BFGS
Warning: Maximum number of iterations has been exceeded.
         Current function value: 2847.915059
         Iterations: 100
         Function evaluations: 160
         Gradient evaluations: 160
obtained train accuracy of 1.0
gss,passive,3060,extr,0.00e+00,3.00e-05,1.60e-05,8.99e-06,1.26e-03
gss,passive,3060,base,2.02e-02,3.27e-02,9.15e-01,7.79e-01,1.33e+04
finding solution of system of 6120 equations with 306 unknowns with BFGS
Warning: Maximum number of iterations has been exceeded.
         Current function value: 5661.519917
         Iterations: 100
         Function evaluations: 168
         Gradient evaluations: 168
obtained train accuracy of 0.999673202614
gss,passive,6120,extr,3.72e-04,1.50e-04,2.92e-04,6.61e-05,9.64e-03
gss,passive,6120,base,2.64e-02,1.81e-02,8.97e-01,7.79e-01,2.64e+04
finding solution of system of 15300 equations with 306 unknowns with BFGS
Warning: Maximum number of iterations has been exceeded.
         Current function value: 14212.246954
         Iterations: 100
         Function evaluations: 192
         Gradient evaluations: 192
obtained train accuracy of 0.999869281046
gss,passive,15300,extr,6.20e-05,1.70e-04,7.55e-05,9.06e-05,1.25e-02
gss,passive,15300,base,3.29e-03,6.57e-03,9.08e-01,7.80e-01,7.85e+04
finding solution of system of 30600 equations with 306 unknowns with BFGS
Warning: Maximum number of iterations has been exceeded.
         Current function value: 28420.663832
         Iterations: 100
         Function evaluations: 199
         Gradient evaluations: 199
obtained train accuracy of 1.0
gss,passive,30600,extr,1.86e-04,8.00e-05,7.07e-05,5.92e-05,9.60e-03
gss,passive,30600,base,5.02e-03,2.85e-03,9.10e-01,7.80e-01,1.32e+05
