training accuracy: 0.644075153469
Counter({2: 9547, 1: 6249, 0: 331})
dataset,method,budget,mode,loss,loss_u,probas,probas_u,model l1
finding solution of system of 153 equations with 306 unknowns with BFGS
Optimization terminated successfully.
         Current function value: 141.024986
         Iterations: 83
         Function evaluations: 86
         Gradient evaluations: 86
obtained train accuracy of 1.0
gss,passive,153,extr,0.00e+00,0.00e+00,1.38e-07,9.30e-08,1.23e-05
gss,passive,153,base,6.98e-01,3.56e-01,5.73e-01,7.24e-01,8.74e+02
finding solution of system of 306 equations with 306 unknowns with BFGS
Optimization terminated successfully.
         Current function value: 285.662036
         Iterations: 85
         Function evaluations: 102
         Gradient evaluations: 102
obtained train accuracy of 1.0
gss,passive,306,extr,0.00e+00,0.00e+00,3.01e-08,3.36e-08,4.37e-06
gss,passive,306,base,5.13e-01,2.23e-01,6.48e-01,7.54e-01,1.52e+03
finding solution of system of 612 equations with 306 unknowns with BFGS
Warning: Maximum number of iterations has been exceeded.
         Current function value: 567.875778
         Iterations: 100
         Function evaluations: 135
         Gradient evaluations: 135
obtained train accuracy of 1.0
gss,passive,612,extr,0.00e+00,0.00e+00,4.56e-07,4.61e-07,6.57e-05
gss,passive,612,base,2.36e-01,1.52e-01,7.93e-01,7.69e-01,2.38e+03
finding solution of system of 1530 equations with 306 unknowns with BFGS
Warning: Maximum number of iterations has been exceeded.
         Current function value: 1414.493467
         Iterations: 100
         Function evaluations: 139
         Gradient evaluations: 139
obtained train accuracy of 0.999346405229
gss,passive,1530,extr,0.00e+00,8.00e-05,4.08e-05,7.07e-05,9.65e-03
gss,passive,1530,base,2.46e-02,6.29e-02,9.09e-01,7.78e-01,7.25e+03
finding solution of system of 3060 equations with 306 unknowns with BFGS
Warning: Maximum number of iterations has been exceeded.
         Current function value: 2832.817262
         Iterations: 100
         Function evaluations: 163
         Gradient evaluations: 163
obtained train accuracy of 1.0
gss,passive,3060,extr,0.00e+00,1.00e-05,7.62e-06,1.07e-05,1.45e-03
gss,passive,3060,base,2.37e-02,3.06e-02,9.18e-01,7.79e-01,1.30e+04
finding solution of system of 6120 equations with 306 unknowns with BFGS
Warning: Maximum number of iterations has been exceeded.
         Current function value: 5629.106512
         Iterations: 100
         Function evaluations: 172
         Gradient evaluations: 172
obtained train accuracy of 0.999836601307
gss,passive,6120,extr,6.20e-05,1.00e-04,8.01e-05,6.51e-05,1.05e-02
gss,passive,6120,base,1.87e-02,1.88e-02,9.01e-01,7.79e-01,2.41e+04
finding solution of system of 15300 equations with 306 unknowns with BFGS
Warning: Maximum number of iterations has been exceeded.
         Current function value: 14206.310868
         Iterations: 100
         Function evaluations: 189
         Gradient evaluations: 189
obtained train accuracy of 0.999738562092
gss,passive,15300,extr,6.20e-05,1.50e-04,6.12e-05,7.64e-05,1.05e-02
gss,passive,15300,base,4.59e-03,6.29e-03,9.07e-01,7.79e-01,7.54e+04
finding solution of system of 30600 equations with 306 unknowns with BFGS
Warning: Maximum number of iterations has been exceeded.
         Current function value: 28352.243315
         Iterations: 100
         Function evaluations: 206
         Gradient evaluations: 206
obtained train accuracy of 0.999967320261
gss,passive,30600,extr,6.20e-05,3.00e-05,2.72e-05,2.04e-05,3.30e-03
gss,passive,30600,base,1.30e-03,3.39e-03,9.08e-01,7.79e-01,1.56e+05
