training accuracy: 0.459214501511
Counter({2: 178, 0: 126, 1: 21, 3: 3, 4: 3})
dataset,method,budget,mode,loss,loss_u,probas,probas_u,model l1
finding solution of system of 102 equations with 205 unknowns with BFGS
Warning: Maximum number of iterations has been exceeded.
         Current function value: 117.163809
         Iterations: 100
         Function evaluations: 103
         Gradient evaluations: 103
obtained train accuracy of 1.0
steak,passive,102,extr,0.00e+00,6.00e-05,9.71e-05,2.71e-05,1.79e-02
steak,passive,102,base,2.72e-01,2.73e-01,6.64e-01,6.06e-01,3.96e+01
finding solution of system of 205 equations with 205 unknowns with BFGS
Warning: Maximum number of iterations has been exceeded.
         Current function value: 234.787822
         Iterations: 100
         Function evaluations: 103
         Gradient evaluations: 103
obtained train accuracy of 1.0
steak,passive,205,extr,0.00e+00,0.00e+00,3.78e-06,1.26e-06,6.78e-04
steak,passive,205,base,1.57e-01,1.72e-01,6.22e-01,6.27e-01,3.96e+01
finding solution of system of 410 equations with 205 unknowns with BFGS
Warning: Maximum number of iterations has been exceeded.
         Current function value: 467.089145
         Iterations: 100
         Function evaluations: 110
         Gradient evaluations: 110
obtained train accuracy of 1.0
steak,passive,410,extr,0.00e+00,1.00e-05,3.69e-06,1.62e-06,6.53e-04
steak,passive,410,base,8.76e-02,1.03e-01,6.36e-01,6.25e-01,3.96e+01
finding solution of system of 1025 equations with 205 unknowns with BFGS
Warning: Maximum number of iterations has been exceeded.
         Current function value: 1173.128650
         Iterations: 100
         Function evaluations: 121
         Gradient evaluations: 121
obtained train accuracy of 0.998048780488
steak,passive,1025,extr,3.02e-03,1.12e-03,1.21e-03,4.63e-04,1.66e-01
steak,passive,1025,base,7.85e-02,5.74e-02,6.55e-01,6.28e-01,3.96e+01
finding solution of system of 2050 equations with 205 unknowns with BFGS
Warning: Maximum number of iterations has been exceeded.
         Current function value: 2344.867748
         Iterations: 100
         Function evaluations: 125
         Gradient evaluations: 125
obtained train accuracy of 0.994146341463
steak,passive,2050,extr,6.04e-03,6.47e-03,6.09e-03,2.86e-03,1.20e+00
steak,passive,2050,base,3.63e-02,4.08e-02,6.45e-01,6.29e-01,3.96e+01
finding solution of system of 4100 equations with 205 unknowns with BFGS
Warning: Maximum number of iterations has been exceeded.
         Current function value: 4692.674827
         Iterations: 100
         Function evaluations: 127
         Gradient evaluations: 127
obtained train accuracy of 0.993902439024
steak,passive,4100,extr,1.51e-02,6.35e-03,8.57e-03,3.21e-03,1.97e+00
steak,passive,4100,base,3.02e-02,2.18e-02,6.46e-01,6.27e-01,3.96e+01
finding solution of system of 10250 equations with 205 unknowns with BFGS
Warning: Maximum number of iterations has been exceeded.
         Current function value: 11759.641090
         Iterations: 100
         Function evaluations: 134
         Gradient evaluations: 134
obtained train accuracy of 0.985853658537
finding solution of system of 10250 equations with 205 unknowns with BFGS
Warning: Maximum number of iterations has been exceeded.
         Current function value: 11759.641088
         Iterations: 100
         Function evaluations: 134
         Gradient evaluations: 134
obtained train accuracy of 0.985853658537
finding solution of system of 10250 equations with 205 unknowns with BFGS
Warning: Maximum number of iterations has been exceeded.
         Current function value: 11759.641093
         Iterations: 100
         Function evaluations: 134
         Gradient evaluations: 134
obtained train accuracy of 0.985853658537
finding solution of system of 10250 equations with 205 unknowns with BFGS
Warning: Maximum number of iterations has been exceeded.
         Current function value: 11759.641093
         Iterations: 100
         Function evaluations: 134
         Gradient evaluations: 134
obtained train accuracy of 0.985853658537
finding solution of system of 10250 equations with 205 unknowns with BFGS
Warning: Maximum number of iterations has been exceeded.
         Current function value: 11759.641086
         Iterations: 100
         Function evaluations: 134
         Gradient evaluations: 134
obtained train accuracy of 0.985853658537
finding solution of system of 10250 equations with 205 unknowns with BFGS
Warning: Maximum number of iterations has been exceeded.
         Current function value: 11759.641084
         Iterations: 100
         Function evaluations: 134
         Gradient evaluations: 134
obtained train accuracy of 0.985853658537
finding solution of system of 10250 equations with 205 unknowns with BFGS
Warning: Maximum number of iterations has been exceeded.
         Current function value: 11759.641098
         Iterations: 100
         Function evaluations: 134
         Gradient evaluations: 134
obtained train accuracy of 0.985853658537
finding solution of system of 10250 equations with 205 unknowns with BFGS
Warning: Maximum number of iterations has been exceeded.
         Current function value: 11759.641089
         Iterations: 100
         Function evaluations: 134
         Gradient evaluations: 134
obtained train accuracy of 0.985853658537
steak,passive,10250,extr,1.81e-02,1.34e-02,2.27e-02,6.22e-03,3.91e+00
steak,passive,10250,base,1.81e-02,7.23e-03,6.46e-01,6.27e-01,3.96e+01
finding solution of system of 20500 equations with 205 unknowns with BFGS
Warning: Maximum number of iterations has been exceeded.
         Current function value: 23495.645041
         Iterations: 100
         Function evaluations: 148
         Gradient evaluations: 148
obtained train accuracy of 0.980195121951
finding solution of system of 20500 equations with 205 unknowns with BFGS
Warning: Maximum number of iterations has been exceeded.
         Current function value: 23495.645043
         Iterations: 100
         Function evaluations: 148
         Gradient evaluations: 148
obtained train accuracy of 0.980195121951
finding solution of system of 20500 equations with 205 unknowns with BFGS
Warning: Maximum number of iterations has been exceeded.
         Current function value: 23495.645035
         Iterations: 100
         Function evaluations: 148
         Gradient evaluations: 148
obtained train accuracy of 0.980195121951
finding solution of system of 20500 equations with 205 unknowns with BFGS
Warning: Maximum number of iterations has been exceeded.
         Current function value: 23495.645044
         Iterations: 100
         Function evaluations: 148
         Gradient evaluations: 148
obtained train accuracy of 0.980195121951
finding solution of system of 20500 equations with 205 unknowns with BFGS
Warning: Maximum number of iterations has been exceeded.
         Current function value: 23495.645053
         Iterations: 100
         Function evaluations: 148
         Gradient evaluations: 148
obtained train accuracy of 0.980195121951
finding solution of system of 20500 equations with 205 unknowns with BFGS
Warning: Maximum number of iterations has been exceeded.
         Current function value: 23495.645049
         Iterations: 100
         Function evaluations: 148
         Gradient evaluations: 148
obtained train accuracy of 0.980195121951
finding solution of system of 20500 equations with 205 unknowns with BFGS
Warning: Maximum number of iterations has been exceeded.
         Current function value: 23495.645065
         Iterations: 100
         Function evaluations: 148
         Gradient evaluations: 148
obtained train accuracy of 0.980195121951
finding solution of system of 20500 equations with 205 unknowns with BFGS
Warning: Maximum number of iterations has been exceeded.
         Current function value: 23495.645042
         Iterations: 100
         Function evaluations: 148
         Gradient evaluations: 148
obtained train accuracy of 0.980195121951
steak,passive,20500,extr,5.14e-02,2.12e-02,3.09e-02,8.08e-03,3.86e+00
steak,passive,20500,base,9.06e-03,3.61e-03,6.45e-01,6.27e-01,3.96e+01
